2019-11-11 02:00:43 15264 [Warning] You need to use --log-bin to make --binlog-format work.
2019-11-11 02:00:43 15264 [Note] Plugin 'FEDERATED' is disabled.
2019-11-11 02:00:43 15264 [Note] InnoDB: Using atomics to ref count buffer pool pages
2019-11-11 02:00:43 15264 [Note] InnoDB: The InnoDB memory heap is disabled
2019-11-11 02:00:43 15264 [Note] InnoDB: Mutexes and rw_locks use Windows interlocked functions
2019-11-11 02:00:43 15264 [Note] InnoDB: Memory barrier is not used
2019-11-11 02:00:43 15264 [Note] InnoDB: Compressed tables use zlib 1.2.3
2019-11-11 02:00:43 15264 [Note] InnoDB: Not using CPU crc32 instructions
2019-11-11 02:00:43 15264 [Note] InnoDB: Initializing buffer pool, size = 128.0M
2019-11-11 02:00:43 15264 [Note] InnoDB: Completed initialization of buffer pool
2019-11-11 02:00:43 15264 [Note] InnoDB: The first specified data file .\ibdata1 did not exist: a new database to be created!
2019-11-11 02:00:43 15264 [Note] InnoDB: Setting file .\ibdata1 size to 12 MB
2019-11-11 02:00:43 15264 [Note] InnoDB: Database physically writes the file full: wait...
2019-11-11 02:00:43 15264 [Note] InnoDB: Setting log file .\ib_logfile101 size to 48 MB
2019-11-11 02:00:44 15264 [Note] InnoDB: Setting log file .\ib_logfile1 size to 48 MB
2019-11-11 02:00:45 15264 [Note] InnoDB: Renaming log file .\ib_logfile101 to .\ib_logfile0
2019-11-11 02:00:45 15264 [Warning] InnoDB: New log files created, LSN=45781
2019-11-11 02:00:45 15264 [Note] InnoDB: Doublewrite buffer not found: creating new
2019-11-11 02:00:45 15264 [Note] InnoDB: Doublewrite buffer created
2019-11-11 02:00:45 15264 [Note] InnoDB: 128 rollback segment(s) are active.
2019-11-11 02:00:45 15264 [Warning] InnoDB: Creating foreign key constraint system tables.
2019-11-11 02:00:45 15264 [Note] InnoDB: Foreign key constraint system tables created
2019-11-11 02:00:45 15264 [Note] InnoDB: Creating tablespace and datafile system tables.
2019-11-11 02:00:45 15264 [Note] InnoDB: Tablespace and datafile system tables created.
2019-11-11 02:00:45 15264 [Note] InnoDB: Waiting for purge to start
2019-11-11 02:00:45 15264 [Note] InnoDB: 5.6.37 started; log sequence number 0
2019-11-11 02:00:45 15264 [Warning] No existing UUID has been found, so we assume that this is the first time that this server has been started. Generating a new UUID: 20d4acd7-046a-11ea-84fa-f43909cd96f0.
2019-11-11 02:00:45 15264 [Note] Server hostname (bind-address): '*'; port: 3306
2019-11-11 02:00:45 15264 [Note] IPv6 is available.
2019-11-11 02:00:45 15264 [Note]   - '::' resolves to '::';
2019-11-11 02:00:45 15264 [Note] Server socket created on IP: '::'.
2019-11-11 02:00:45 15264 [Warning] InnoDB: Cannot open table mysql/slave_master_info from the internal data dictionary of InnoDB though the .frm file for the table exists. See http://dev.mysql.com/doc/refman/5.6/en/innodb-troubleshooting.html for how you can resolve the problem.
2019-11-11 02:00:45 15264 [Warning] Info table is not ready to be used. Table 'mysql.slave_master_info' cannot be opened.
2019-11-11 02:00:45 15264 [Warning] InnoDB: Cannot open table mysql/slave_worker_info from the internal data dictionary of InnoDB though the .frm file for the table exists. See http://dev.mysql.com/doc/refman/5.6/en/innodb-troubleshooting.html for how you can resolve the problem.
2019-11-11 02:00:45 15264 [Warning] InnoDB: Cannot open table mysql/slave_relay_log_info from the internal data dictionary of InnoDB though the .frm file for the table exists. See http://dev.mysql.com/doc/refman/5.6/en/innodb-troubleshooting.html for how you can resolve the problem.
2019-11-11 02:00:45 15264 [Warning] Info table is not ready to be used. Table 'mysql.slave_relay_log_info' cannot be opened.
2019-11-11 02:00:45 15264 [Note] Event Scheduler: Loaded 0 events
2019-11-11 02:00:45 15264 [Note] mysql\bin\mysqld.exe: ready for connections.
Version: '5.6.37'  socket: ''  port: 3306  MySQL Community Server (GPL)
2019-11-11 03:06:41 13308 [Warning] You need to use --log-bin to make --binlog-format work.
2019-11-11 03:06:41 13308 [Note] Plugin 'FEDERATED' is disabled.
2019-11-11 03:06:41 13308 [Note] InnoDB: Using atomics to ref count buffer pool pages
2019-11-11 03:06:41 13308 [Note] InnoDB: The InnoDB memory heap is disabled
2019-11-11 03:06:41 13308 [Note] InnoDB: Mutexes and rw_locks use Windows interlocked functions
2019-11-11 03:06:41 13308 [Note] InnoDB: Memory barrier is not used
2019-11-11 03:06:41 13308 [Note] InnoDB: Compressed tables use zlib 1.2.3
2019-11-11 03:06:41 13308 [Note] InnoDB: Not using CPU crc32 instructions
2019-11-11 03:06:41 13308 [Note] InnoDB: Initializing buffer pool, size = 128.0M
2019-11-11 03:06:41 13308 [Note] InnoDB: Completed initialization of buffer pool
2019-11-11 03:06:41 13308 [Note] InnoDB: Highest supported file format is Barracuda.
2019-11-11 03:06:41 13308 [Note] InnoDB: The log sequence numbers 0 and 0 in ibdata files do not match the log sequence number 1600607 in the ib_logfiles!
2019-11-11 03:06:41 13308 [Note] InnoDB: Database was not shutdown normally!
2019-11-11 03:06:41 13308 [Note] InnoDB: Starting crash recovery.
2019-11-11 03:06:41 13308 [Note] InnoDB: Reading tablespace information from the .ibd files...
2019-11-11 03:06:41 13308 [Note] InnoDB: Restoring possible half-written data pages 
2019-11-11 03:06:41 13308 [Note] InnoDB: from the doublewrite buffer...
2019-11-11 03:06:41 13308 [Note] InnoDB: 128 rollback segment(s) are active.
2019-11-11 03:06:41 13308 [Note] InnoDB: Waiting for purge to start
2019-11-11 03:06:41 13308 [Note] InnoDB: 5.6.37 started; log sequence number 1600607
2019-11-11 03:06:41 13308 [Note] Server hostname (bind-address): '*'; port: 3306
2019-11-11 03:06:41 13308 [Note] IPv6 is available.
2019-11-11 03:06:41 13308 [Note]   - '::' resolves to '::';
2019-11-11 03:06:41 13308 [Note] Server socket created on IP: '::'.
2019-11-11 03:06:41 13308 [Warning] InnoDB: Cannot open table mysql/slave_master_info from the internal data dictionary of InnoDB though the .frm file for the table exists. See http://dev.mysql.com/doc/refman/5.6/en/innodb-troubleshooting.html for how you can resolve the problem.
2019-11-11 03:06:41 13308 [Warning] Info table is not ready to be used. Table 'mysql.slave_master_info' cannot be opened.
2019-11-11 03:06:41 13308 [Warning] InnoDB: Cannot open table mysql/slave_worker_info from the internal data dictionary of InnoDB though the .frm file for the table exists. See http://dev.mysql.com/doc/refman/5.6/en/innodb-troubleshooting.html for how you can resolve the problem.
2019-11-11 03:06:41 13308 [Warning] InnoDB: Cannot open table mysql/slave_relay_log_info from the internal data dictionary of InnoDB though the .frm file for the table exists. See http://dev.mysql.com/doc/refman/5.6/en/innodb-troubleshooting.html for how you can resolve the problem.
2019-11-11 03:06:41 13308 [Warning] Info table is not ready to be used. Table 'mysql.slave_relay_log_info' cannot be opened.
2019-11-11 03:06:43 13308 [Note] Event Scheduler: Loaded 0 events
2019-11-11 03:06:43 13308 [Note] mysql\bin\mysqld.exe: ready for connections.
Version: '5.6.37'  socket: ''  port: 3306  MySQL Community Server (GPL)
2019-11-11 03:13:28 2d18 InnoDB: Error: Table "mysql"."innodb_table_stats" not found.
2019-11-11 03:13:28 2d18 InnoDB: Error: Table "mysql"."innodb_table_stats" not found.
2019-11-11 03:13:28 2d18 InnoDB: Error: Fetch of persistent statistics requested for table "festival_db"."venue" but the required system tables mysql.innodb_table_stats and mysql.innodb_index_stats are not present or have unexpected structure. Using transient stats instead.
2019-11-11 03:14:42 13308 [Warning] InnoDB: Cannot open table mysql/innodb_index_stats from the internal data dictionary of InnoDB though the .frm file for the table exists. See http://dev.mysql.com/doc/refman/5.6/en/innodb-troubleshooting.html for how you can resolve the problem.
2019-11-11 03:14:42 13308 [Warning] InnoDB: Cannot open table mysql/innodb_table_stats from the internal data dictionary of InnoDB though the .frm file for the table exists. See http://dev.mysql.com/doc/refman/5.6/en/innodb-troubleshooting.html for how you can resolve the problem.
2019-11-11 03:14:42 13308 [Warning] InnoDB: Cannot open table mysql/slave_master_info from the internal data dictionary of InnoDB though the .frm file for the table exists. See http://dev.mysql.com/doc/refman/5.6/en/innodb-troubleshooting.html for how you can resolve the problem.
2019-11-11 03:14:42 13308 [Warning] InnoDB: Cannot open table mysql/slave_relay_log_info from the internal data dictionary of InnoDB though the .frm file for the table exists. See http://dev.mysql.com/doc/refman/5.6/en/innodb-troubleshooting.html for how you can resolve the problem.
2019-11-11 03:14:42 13308 [Warning] InnoDB: Cannot open table mysql/slave_worker_info from the internal data dictionary of InnoDB though the .frm file for the table exists. See http://dev.mysql.com/doc/refman/5.6/en/innodb-troubleshooting.html for how you can resolve the problem.
2019-11-11 03:37:22 13308 [Note] mysql\bin\mysqld.exe: Normal shutdown

2019-11-11 03:37:22 13308 [Note] Giving 0 client threads a chance to die gracefully
2019-11-11 03:37:22 13308 [Note] Event Scheduler: Purging the queue. 0 events
2019-11-11 03:37:22 13308 [Note] Shutting down slave threads
2019-11-11 03:37:22 13308 [Note] Forcefully disconnecting 0 remaining clients
2019-11-11 03:37:22 13308 [Note] Binlog end
2019-11-11 03:37:22 13308 [Note] Shutting down plugin 'partition'
2019-11-11 03:37:22 13308 [Note] Shutting down plugin 'PERFORMANCE_SCHEMA'
2019-11-11 03:37:22 13308 [Note] Shutting down plugin 'INNODB_SYS_DATAFILES'
2019-11-11 03:37:22 13308 [Note] Shutting down plugin 'INNODB_SYS_TABLESPACES'
2019-11-11 03:37:22 13308 [Note] Shutting down plugin 'INNODB_SYS_FOREIGN_COLS'
2019-11-11 03:37:22 13308 [Note] Shutting down plugin 'INNODB_SYS_FOREIGN'
2019-11-11 03:37:22 13308 [Note] Shutting down plugin 'INNODB_SYS_FIELDS'
2019-11-11 03:37:22 13308 [Note] Shutting down plugin 'INNODB_SYS_COLUMNS'
2019-11-11 03:37:22 13308 [Note] Shutting down plugin 'INNODB_SYS_INDEXES'
2019-11-11 03:37:22 13308 [Note] Shutting down plugin 'INNODB_SYS_TABLESTATS'
2019-11-11 03:37:22 13308 [Note] Shutting down plugin 'INNODB_SYS_TABLES'
2019-11-11 03:37:22 13308 [Note] Shutting down plugin 'INNODB_FT_INDEX_TABLE'
2019-11-11 03:37:22 13308 [Note] Shutting down plugin 'INNODB_FT_INDEX_CACHE'
2019-11-11 03:37:22 13308 [Note] Shutting down plugin 'INNODB_FT_CONFIG'
2019-11-11 03:37:22 13308 [Note] Shutting down plugin 'INNODB_FT_BEING_DELETED'
2019-11-11 03:37:22 13308 [Note] Shutting down plugin 'INNODB_FT_DELETED'
2019-11-11 03:37:22 13308 [Note] Shutting down plugin 'INNODB_FT_DEFAULT_STOPWORD'
2019-11-11 03:37:22 13308 [Note] Shutting down plugin 'INNODB_METRICS'
2019-11-11 03:37:22 13308 [Note] Shutting down plugin 'INNODB_BUFFER_POOL_STATS'
2019-11-11 03:37:22 13308 [Note] Shutting down plugin 'INNODB_BUFFER_PAGE_LRU'
2019-11-11 03:37:22 13308 [Note] Shutting down plugin 'INNODB_BUFFER_PAGE'
2019-11-11 03:37:22 13308 [Note] Shutting down plugin 'INNODB_CMP_PER_INDEX_RESET'
2019-11-11 03:37:22 13308 [Note] Shutting down plugin 'INNODB_CMP_PER_INDEX'
2019-11-11 03:37:22 13308 [Note] Shutting down plugin 'INNODB_CMPMEM_RESET'
2019-11-11 03:37:22 13308 [Note] Shutting down plugin 'INNODB_CMPMEM'
2019-11-11 03:37:22 13308 [Note] Shutting down plugin 'INNODB_CMP_RESET'
2019-11-11 03:37:22 13308 [Note] Shutting down plugin 'INNODB_CMP'
2019-11-11 03:37:22 13308 [Note] Shutting down plugin 'INNODB_LOCK_WAITS'
2019-11-11 03:37:22 13308 [Note] Shutting down plugin 'INNODB_LOCKS'
2019-11-11 03:37:22 13308 [Note] Shutting down plugin 'INNODB_TRX'
2019-11-11 03:37:22 13308 [Note] Shutting down plugin 'InnoDB'
2019-11-11 03:37:22 13308 [Note] InnoDB: FTS optimize thread exiting.
2019-11-11 03:37:22 13308 [Note] InnoDB: Starting shutdown...
2019-11-11 03:37:22 13308 [Note] InnoDB: Shutdown completed; log sequence number 1604813
2019-11-11 03:37:22 13308 [Note] Shutting down plugin 'BLACKHOLE'
2019-11-11 03:37:22 13308 [Note] Shutting down plugin 'ARCHIVE'
2019-11-11 03:37:22 13308 [Note] Shutting down plugin 'MRG_MYISAM'
2019-11-11 03:37:22 13308 [Note] Shutting down plugin 'MyISAM'
2019-11-11 03:37:22 13308 [Note] Shutting down plugin 'MEMORY'
2019-11-11 03:37:22 13308 [Note] Shutting down plugin 'CSV'
2019-11-11 03:37:22 13308 [Note] Shutting down plugin 'sha256_password'
2019-11-11 03:37:22 13308 [Note] Shutting down plugin 'mysql_old_password'
2019-11-11 03:37:22 13308 [Note] Shutting down plugin 'mysql_native_password'
2019-11-11 03:37:22 13308 [Note] Shutting down plugin 'binlog'
2019-11-11 03:37:22 13308 [Note] mysql\bin\mysqld.exe: Shutdown complete

2019-11-11 17:10:14 6664 [Warning] You need to use --log-bin to make --binlog-format work.
2019-11-11 17:10:14 6664 [Note] Plugin 'FEDERATED' is disabled.
2019-11-11 17:10:14 6664 [Note] InnoDB: Using atomics to ref count buffer pool pages
2019-11-11 17:10:14 6664 [Note] InnoDB: The InnoDB memory heap is disabled
2019-11-11 17:10:14 6664 [Note] InnoDB: Mutexes and rw_locks use Windows interlocked functions
2019-11-11 17:10:14 6664 [Note] InnoDB: Memory barrier is not used
2019-11-11 17:10:14 6664 [Note] InnoDB: Compressed tables use zlib 1.2.3
2019-11-11 17:10:14 6664 [Note] InnoDB: Not using CPU crc32 instructions
2019-11-11 17:10:14 6664 [Note] InnoDB: Initializing buffer pool, size = 128.0M
2019-11-11 17:10:14 6664 [Note] InnoDB: Completed initialization of buffer pool
2019-11-11 17:10:14 6664 [Note] InnoDB: Highest supported file format is Barracuda.
2019-11-11 17:10:14 6664 [Note] InnoDB: 128 rollback segment(s) are active.
2019-11-11 17:10:14 6664 [Note] InnoDB: Waiting for purge to start
2019-11-11 17:10:14 6664 [Note] InnoDB: 5.6.37 started; log sequence number 1604813
2019-11-11 17:10:14 6664 [Note] Server hostname (bind-address): '*'; port: 3306
2019-11-11 17:10:14 6664 [Note] IPv6 is available.
2019-11-11 17:10:14 6664 [Note]   - '::' resolves to '::';
2019-11-11 17:10:14 6664 [Note] Server socket created on IP: '::'.
2019-11-11 17:10:15 6664 [Warning] InnoDB: Cannot open table mysql/slave_master_info from the internal data dictionary of InnoDB though the .frm file for the table exists. See http://dev.mysql.com/doc/refman/5.6/en/innodb-troubleshooting.html for how you can resolve the problem.
2019-11-11 17:10:15 6664 [Warning] Info table is not ready to be used. Table 'mysql.slave_master_info' cannot be opened.
2019-11-11 17:10:15 6664 [Warning] InnoDB: Cannot open table mysql/slave_worker_info from the internal data dictionary of InnoDB though the .frm file for the table exists. See http://dev.mysql.com/doc/refman/5.6/en/innodb-troubleshooting.html for how you can resolve the problem.
2019-11-11 17:10:15 6664 [Warning] InnoDB: Cannot open table mysql/slave_relay_log_info from the internal data dictionary of InnoDB though the .frm file for the table exists. See http://dev.mysql.com/doc/refman/5.6/en/innodb-troubleshooting.html for how you can resolve the problem.
2019-11-11 17:10:15 6664 [Warning] Info table is not ready to be used. Table 'mysql.slave_relay_log_info' cannot be opened.
2019-11-11 17:10:15 6664 [Note] Event Scheduler: Loaded 0 events
2019-11-11 17:10:15 6664 [Note] mysql\bin\mysqld.exe: ready for connections.
Version: '5.6.37'  socket: ''  port: 3306  MySQL Community Server (GPL)
2019-11-11 17:34:24 43b8 InnoDB: Error: Table "mysql"."innodb_table_stats" not found.
2019-11-11 17:34:24 43b8 InnoDB: Error: Fetch of persistent statistics requested for table "festival_db"."venue" but the required system tables mysql.innodb_table_stats and mysql.innodb_index_stats are not present or have unexpected structure. Using transient stats instead.
2019-11-11 17:35:06 6664 [Note] mysql\bin\mysqld.exe: Normal shutdown

2019-11-11 17:35:06 6664 [Note] Giving 0 client threads a chance to die gracefully
2019-11-11 17:35:06 6664 [Note] Event Scheduler: Purging the queue. 0 events
2019-11-11 17:35:06 6664 [Note] Shutting down slave threads
2019-11-11 17:35:06 6664 [Note] Forcefully disconnecting 0 remaining clients
2019-11-11 17:35:06 6664 [Note] Binlog end
2019-11-11 17:35:06 6664 [Note] Shutting down plugin 'partition'
2019-11-11 17:35:06 6664 [Note] Shutting down plugin 'PERFORMANCE_SCHEMA'
2019-11-11 17:35:06 6664 [Note] Shutting down plugin 'INNODB_SYS_DATAFILES'
2019-11-11 17:35:06 6664 [Note] Shutting down plugin 'INNODB_SYS_TABLESPACES'
2019-11-11 17:35:06 6664 [Note] Shutting down plugin 'INNODB_SYS_FOREIGN_COLS'
2019-11-11 17:35:06 6664 [Note] Shutting down plugin 'INNODB_SYS_FOREIGN'
2019-11-11 17:35:06 6664 [Note] Shutting down plugin 'INNODB_SYS_FIELDS'
2019-11-11 17:35:06 6664 [Note] Shutting down plugin 'INNODB_SYS_COLUMNS'
2019-11-11 17:35:06 6664 [Note] Shutting down plugin 'INNODB_SYS_INDEXES'
2019-11-11 17:35:06 6664 [Note] Shutting down plugin 'INNODB_SYS_TABLESTATS'
2019-11-11 17:35:06 6664 [Note] Shutting down plugin 'INNODB_SYS_TABLES'
2019-11-11 17:35:06 6664 [Note] Shutting down plugin 'INNODB_FT_INDEX_TABLE'
2019-11-11 17:35:06 6664 [Note] Shutting down plugin 'INNODB_FT_INDEX_CACHE'
2019-11-11 17:35:06 6664 [Note] Shutting down plugin 'INNODB_FT_CONFIG'
2019-11-11 17:35:06 6664 [Note] Shutting down plugin 'INNODB_FT_BEING_DELETED'
2019-11-11 17:35:06 6664 [Note] Shutting down plugin 'INNODB_FT_DELETED'
2019-11-11 17:35:06 6664 [Note] Shutting down plugin 'INNODB_FT_DEFAULT_STOPWORD'
2019-11-11 17:35:06 6664 [Note] Shutting down plugin 'INNODB_METRICS'
2019-11-11 17:35:06 6664 [Note] Shutting down plugin 'INNODB_BUFFER_POOL_STATS'
2019-11-11 17:35:06 6664 [Note] Shutting down plugin 'INNODB_BUFFER_PAGE_LRU'
2019-11-11 17:35:06 6664 [Note] Shutting down plugin 'INNODB_BUFFER_PAGE'
2019-11-11 17:35:06 6664 [Note] Shutting down plugin 'INNODB_CMP_PER_INDEX_RESET'
2019-11-11 17:35:06 6664 [Note] Shutting down plugin 'INNODB_CMP_PER_INDEX'
2019-11-11 17:35:06 6664 [Note] Shutting down plugin 'INNODB_CMPMEM_RESET'
2019-11-11 17:35:06 6664 [Note] Shutting down plugin 'INNODB_CMPMEM'
2019-11-11 17:35:06 6664 [Note] Shutting down plugin 'INNODB_CMP_RESET'
2019-11-11 17:35:06 6664 [Note] Shutting down plugin 'INNODB_CMP'
2019-11-11 17:35:06 6664 [Note] Shutting down plugin 'INNODB_LOCK_WAITS'
2019-11-11 17:35:06 6664 [Note] Shutting down plugin 'INNODB_LOCKS'
2019-11-11 17:35:06 6664 [Note] Shutting down plugin 'INNODB_TRX'
2019-11-11 17:35:06 6664 [Note] Shutting down plugin 'InnoDB'
2019-11-11 17:35:06 6664 [Note] InnoDB: FTS optimize thread exiting.
2019-11-11 17:35:06 6664 [Note] InnoDB: Starting shutdown...
2019-11-11 17:35:07 6664 [Note] InnoDB: Shutdown completed; log sequence number 1604823
2019-11-11 17:35:07 6664 [Note] Shutting down plugin 'BLACKHOLE'
2019-11-11 17:35:07 6664 [Note] Shutting down plugin 'ARCHIVE'
2019-11-11 17:35:07 6664 [Note] Shutting down plugin 'MRG_MYISAM'
2019-11-11 17:35:07 6664 [Note] Shutting down plugin 'MyISAM'
2019-11-11 17:35:07 6664 [Note] Shutting down plugin 'MEMORY'
2019-11-11 17:35:07 6664 [Note] Shutting down plugin 'CSV'
2019-11-11 17:35:07 6664 [Note] Shutting down plugin 'sha256_password'
2019-11-11 17:35:07 6664 [Note] Shutting down plugin 'mysql_old_password'
2019-11-11 17:35:07 6664 [Note] Shutting down plugin 'mysql_native_password'
2019-11-11 17:35:07 6664 [Note] Shutting down plugin 'binlog'
2019-11-11 17:35:07 6664 [Note] mysql\bin\mysqld.exe: Shutdown complete

2019-11-12 11:54:19 10872 [Warning] You need to use --log-bin to make --binlog-format work.
2019-11-12 11:54:19 10872 [Note] Plugin 'FEDERATED' is disabled.
2019-11-12 11:54:19 10872 [Note] InnoDB: Using atomics to ref count buffer pool pages
2019-11-12 11:54:19 10872 [Note] InnoDB: The InnoDB memory heap is disabled
2019-11-12 11:54:19 10872 [Note] InnoDB: Mutexes and rw_locks use Windows interlocked functions
2019-11-12 11:54:19 10872 [Note] InnoDB: Memory barrier is not used
2019-11-12 11:54:19 10872 [Note] InnoDB: Compressed tables use zlib 1.2.3
2019-11-12 11:54:19 10872 [Note] InnoDB: Not using CPU crc32 instructions
2019-11-12 11:54:19 10872 [Note] InnoDB: Initializing buffer pool, size = 128.0M
2019-11-12 11:54:19 10872 [Note] InnoDB: Completed initialization of buffer pool
2019-11-12 11:54:19 10872 [Note] InnoDB: Highest supported file format is Barracuda.
2019-11-12 11:54:19 10872 [Note] InnoDB: 128 rollback segment(s) are active.
2019-11-12 11:54:19 10872 [Note] InnoDB: Waiting for purge to start
2019-11-12 11:54:20 10872 [Note] InnoDB: 5.6.37 started; log sequence number 1604823
2019-11-12 11:54:20 10872 [Note] Server hostname (bind-address): '*'; port: 3306
2019-11-12 11:54:20 10872 [Note] IPv6 is available.
2019-11-12 11:54:20 10872 [Note]   - '::' resolves to '::';
2019-11-12 11:54:20 10872 [Note] Server socket created on IP: '::'.
2019-11-12 11:54:20 10872 [Warning] InnoDB: Cannot open table mysql/slave_master_info from the internal data dictionary of InnoDB though the .frm file for the table exists. See http://dev.mysql.com/doc/refman/5.6/en/innodb-troubleshooting.html for how you can resolve the problem.
2019-11-12 11:54:20 10872 [Warning] Info table is not ready to be used. Table 'mysql.slave_master_info' cannot be opened.
2019-11-12 11:54:20 10872 [Warning] InnoDB: Cannot open table mysql/slave_worker_info from the internal data dictionary of InnoDB though the .frm file for the table exists. See http://dev.mysql.com/doc/refman/5.6/en/innodb-troubleshooting.html for how you can resolve the problem.
2019-11-12 11:54:20 10872 [Warning] InnoDB: Cannot open table mysql/slave_relay_log_info from the internal data dictionary of InnoDB though the .frm file for the table exists. See http://dev.mysql.com/doc/refman/5.6/en/innodb-troubleshooting.html for how you can resolve the problem.
2019-11-12 11:54:20 10872 [Warning] Info table is not ready to be used. Table 'mysql.slave_relay_log_info' cannot be opened.
2019-11-12 11:54:20 10872 [Note] Event Scheduler: Loaded 0 events
2019-11-12 11:54:20 10872 [Note] mysql\bin\mysqld.exe: ready for connections.
Version: '5.6.37'  socket: ''  port: 3306  MySQL Community Server (GPL)
2019-11-12 12:05:47 2148 InnoDB: Error: Table "mysql"."innodb_table_stats" not found.
2019-11-12 12:05:47 2148 InnoDB: Error: Fetch of persistent statistics requested for table "festival_db"."venue" but the required system tables mysql.innodb_table_stats and mysql.innodb_index_stats are not present or have unexpected structure. Using transient stats instead.
2019-11-12 12:17:23 10872 [Note] mysql\bin\mysqld.exe: Normal shutdown

2019-11-12 12:17:23 10872 [Note] Giving 0 client threads a chance to die gracefully
2019-11-12 12:17:23 10872 [Note] Event Scheduler: Purging the queue. 0 events
2019-11-12 12:17:23 10872 [Note] Shutting down slave threads
2019-11-12 12:17:23 10872 [Note] Forcefully disconnecting 0 remaining clients
2019-11-12 12:17:23 10872 [Note] Binlog end
2019-11-12 12:17:23 10872 [Note] Shutting down plugin 'partition'
2019-11-12 12:17:23 10872 [Note] Shutting down plugin 'PERFORMANCE_SCHEMA'
2019-11-12 12:17:23 10872 [Note] Shutting down plugin 'INNODB_SYS_DATAFILES'
2019-11-12 12:17:23 10872 [Note] Shutting down plugin 'INNODB_SYS_TABLESPACES'
2019-11-12 12:17:23 10872 [Note] Shutting down plugin 'INNODB_SYS_FOREIGN_COLS'
2019-11-12 12:17:23 10872 [Note] Shutting down plugin 'INNODB_SYS_FOREIGN'
2019-11-12 12:17:23 10872 [Note] Shutting down plugin 'INNODB_SYS_FIELDS'
2019-11-12 12:17:23 10872 [Note] Shutting down plugin 'INNODB_SYS_COLUMNS'
2019-11-12 12:17:23 10872 [Note] Shutting down plugin 'INNODB_SYS_INDEXES'
2019-11-12 12:17:23 10872 [Note] Shutting down plugin 'INNODB_SYS_TABLESTATS'
2019-11-12 12:17:23 10872 [Note] Shutting down plugin 'INNODB_SYS_TABLES'
2019-11-12 12:17:23 10872 [Note] Shutting down plugin 'INNODB_FT_INDEX_TABLE'
2019-11-12 12:17:23 10872 [Note] Shutting down plugin 'INNODB_FT_INDEX_CACHE'
2019-11-12 12:17:23 10872 [Note] Shutting down plugin 'INNODB_FT_CONFIG'
2019-11-12 12:17:23 10872 [Note] Shutting down plugin 'INNODB_FT_BEING_DELETED'
2019-11-12 12:17:23 10872 [Note] Shutting down plugin 'INNODB_FT_DELETED'
2019-11-12 12:17:23 10872 [Note] Shutting down plugin 'INNODB_FT_DEFAULT_STOPWORD'
2019-11-12 12:17:23 10872 [Note] Shutting down plugin 'INNODB_METRICS'
2019-11-12 12:17:23 10872 [Note] Shutting down plugin 'INNODB_BUFFER_POOL_STATS'
2019-11-12 12:17:23 10872 [Note] Shutting down plugin 'INNODB_BUFFER_PAGE_LRU'
2019-11-12 12:17:23 10872 [Note] Shutting down plugin 'INNODB_BUFFER_PAGE'
2019-11-12 12:17:23 10872 [Note] Shutting down plugin 'INNODB_CMP_PER_INDEX_RESET'
2019-11-12 12:17:23 10872 [Note] Shutting down plugin 'INNODB_CMP_PER_INDEX'
2019-11-12 12:17:23 10872 [Note] Shutting down plugin 'INNODB_CMPMEM_RESET'
2019-11-12 12:17:23 10872 [Note] Shutting down plugin 'INNODB_CMPMEM'
2019-11-12 12:17:23 10872 [Note] Shutting down plugin 'INNODB_CMP_RESET'
2019-11-12 12:17:23 10872 [Note] Shutting down plugin 'INNODB_CMP'
2019-11-12 12:17:23 10872 [Note] Shutting down plugin 'INNODB_LOCK_WAITS'
2019-11-12 12:17:23 10872 [Note] Shutting down plugin 'INNODB_LOCKS'
2019-11-12 12:17:23 10872 [Note] Shutting down plugin 'INNODB_TRX'
2019-11-12 12:17:23 10872 [Note] Shutting down plugin 'InnoDB'
2019-11-12 12:17:23 10872 [Note] InnoDB: FTS optimize thread exiting.
2019-11-12 12:17:23 10872 [Note] InnoDB: Starting shutdown...
2019-11-12 12:17:24 10872 [Note] InnoDB: Shutdown completed; log sequence number 1604833
2019-11-12 12:17:24 10872 [Note] Shutting down plugin 'BLACKHOLE'
2019-11-12 12:17:24 10872 [Note] Shutting down plugin 'ARCHIVE'
2019-11-12 12:17:24 10872 [Note] Shutting down plugin 'MRG_MYISAM'
2019-11-12 12:17:24 10872 [Note] Shutting down plugin 'MyISAM'
2019-11-12 12:17:24 10872 [Note] Shutting down plugin 'MEMORY'
2019-11-12 12:17:24 10872 [Note] Shutting down plugin 'CSV'
2019-11-12 12:17:24 10872 [Note] Shutting down plugin 'sha256_password'
2019-11-12 12:17:24 10872 [Note] Shutting down plugin 'mysql_old_password'
2019-11-12 12:17:24 10872 [Note] Shutting down plugin 'mysql_native_password'
2019-11-12 12:17:24 10872 [Note] Shutting down plugin 'binlog'
2019-11-12 12:17:24 10872 [Note] mysql\bin\mysqld.exe: Shutdown complete

2019-11-12 13:04:35 9188 [Warning] You need to use --log-bin to make --binlog-format work.
2019-11-12 13:04:35 9188 [Note] Plugin 'FEDERATED' is disabled.
2019-11-12 13:04:36 9188 [Note] InnoDB: Using atomics to ref count buffer pool pages
2019-11-12 13:04:36 9188 [Note] InnoDB: The InnoDB memory heap is disabled
2019-11-12 13:04:36 9188 [Note] InnoDB: Mutexes and rw_locks use Windows interlocked functions
2019-11-12 13:04:36 9188 [Note] InnoDB: Memory barrier is not used
2019-11-12 13:04:36 9188 [Note] InnoDB: Compressed tables use zlib 1.2.3
2019-11-12 13:04:36 9188 [Note] InnoDB: Not using CPU crc32 instructions
2019-11-12 13:04:36 9188 [Note] InnoDB: Initializing buffer pool, size = 128.0M
2019-11-12 13:04:36 9188 [Note] InnoDB: Completed initialization of buffer pool
2019-11-12 13:04:36 9188 [Note] InnoDB: Highest supported file format is Barracuda.
2019-11-12 13:04:36 9188 [Note] InnoDB: 128 rollback segment(s) are active.
2019-11-12 13:04:36 9188 [Note] InnoDB: Waiting for purge to start
2019-11-12 13:04:36 9188 [Note] InnoDB: 5.6.37 started; log sequence number 1604833
2019-11-12 13:04:36 9188 [Note] Server hostname (bind-address): '*'; port: 3306
2019-11-12 13:04:36 9188 [Note] IPv6 is available.
2019-11-12 13:04:36 9188 [Note]   - '::' resolves to '::';
2019-11-12 13:04:36 9188 [Note] Server socket created on IP: '::'.
2019-11-12 13:04:37 9188 [Warning] InnoDB: Cannot open table mysql/slave_master_info from the internal data dictionary of InnoDB though the .frm file for the table exists. See http://dev.mysql.com/doc/refman/5.6/en/innodb-troubleshooting.html for how you can resolve the problem.
2019-11-12 13:04:37 9188 [Warning] Info table is not ready to be used. Table 'mysql.slave_master_info' cannot be opened.
2019-11-12 13:04:37 9188 [Warning] InnoDB: Cannot open table mysql/slave_worker_info from the internal data dictionary of InnoDB though the .frm file for the table exists. See http://dev.mysql.com/doc/refman/5.6/en/innodb-troubleshooting.html for how you can resolve the problem.
2019-11-12 13:04:37 9188 [Warning] InnoDB: Cannot open table mysql/slave_relay_log_info from the internal data dictionary of InnoDB though the .frm file for the table exists. See http://dev.mysql.com/doc/refman/5.6/en/innodb-troubleshooting.html for how you can resolve the problem.
2019-11-12 13:04:37 9188 [Warning] Info table is not ready to be used. Table 'mysql.slave_relay_log_info' cannot be opened.
2019-11-12 13:04:38 9188 [Note] Event Scheduler: Loaded 0 events
2019-11-12 13:04:38 9188 [Note] mysql\bin\mysqld.exe: ready for connections.
Version: '5.6.37'  socket: ''  port: 3306  MySQL Community Server (GPL)
2019-11-12 13:12:41 9188 [Note] mysql\bin\mysqld.exe: Normal shutdown

2019-11-12 13:12:41 9188 [Note] Giving 0 client threads a chance to die gracefully
2019-11-12 13:12:41 9188 [Note] Event Scheduler: Purging the queue. 0 events
2019-11-12 13:12:41 9188 [Note] Shutting down slave threads
2019-11-12 13:12:41 9188 [Note] Forcefully disconnecting 0 remaining clients
2019-11-12 13:12:41 9188 [Note] Binlog end
2019-11-12 13:12:41 9188 [Note] Shutting down plugin 'partition'
2019-11-12 13:12:41 9188 [Note] Shutting down plugin 'PERFORMANCE_SCHEMA'
2019-11-12 13:12:41 9188 [Note] Shutting down plugin 'INNODB_SYS_DATAFILES'
2019-11-12 13:12:41 9188 [Note] Shutting down plugin 'INNODB_SYS_TABLESPACES'
2019-11-12 13:12:41 9188 [Note] Shutting down plugin 'INNODB_SYS_FOREIGN_COLS'
2019-11-12 13:12:41 9188 [Note] Shutting down plugin 'INNODB_SYS_FOREIGN'
2019-11-12 13:12:41 9188 [Note] Shutting down plugin 'INNODB_SYS_FIELDS'
2019-11-12 13:12:41 9188 [Note] Shutting down plugin 'INNODB_SYS_COLUMNS'
2019-11-12 13:12:41 9188 [Note] Shutting down plugin 'INNODB_SYS_INDEXES'
2019-11-12 13:12:41 9188 [Note] Shutting down plugin 'INNODB_SYS_TABLESTATS'
2019-11-12 13:12:41 9188 [Note] Shutting down plugin 'INNODB_SYS_TABLES'
2019-11-12 13:12:41 9188 [Note] Shutting down plugin 'INNODB_FT_INDEX_TABLE'
2019-11-12 13:12:41 9188 [Note] Shutting down plugin 'INNODB_FT_INDEX_CACHE'
2019-11-12 13:12:41 9188 [Note] Shutting down plugin 'INNODB_FT_CONFIG'
2019-11-12 13:12:41 9188 [Note] Shutting down plugin 'INNODB_FT_BEING_DELETED'
2019-11-12 13:12:41 9188 [Note] Shutting down plugin 'INNODB_FT_DELETED'
2019-11-12 13:12:41 9188 [Note] Shutting down plugin 'INNODB_FT_DEFAULT_STOPWORD'
2019-11-12 13:12:41 9188 [Note] Shutting down plugin 'INNODB_METRICS'
2019-11-12 13:12:41 9188 [Note] Shutting down plugin 'INNODB_BUFFER_POOL_STATS'
2019-11-12 13:12:41 9188 [Note] Shutting down plugin 'INNODB_BUFFER_PAGE_LRU'
2019-11-12 13:12:41 9188 [Note] Shutting down plugin 'INNODB_BUFFER_PAGE'
2019-11-12 13:12:41 9188 [Note] Shutting down plugin 'INNODB_CMP_PER_INDEX_RESET'
2019-11-12 13:12:41 9188 [Note] Shutting down plugin 'INNODB_CMP_PER_INDEX'
2019-11-12 13:12:41 9188 [Note] Shutting down plugin 'INNODB_CMPMEM_RESET'
2019-11-12 13:12:41 9188 [Note] Shutting down plugin 'INNODB_CMPMEM'
2019-11-12 13:12:41 9188 [Note] Shutting down plugin 'INNODB_CMP_RESET'
2019-11-12 13:12:41 9188 [Note] Shutting down plugin 'INNODB_CMP'
2019-11-12 13:12:41 9188 [Note] Shutting down plugin 'INNODB_LOCK_WAITS'
2019-11-12 13:12:41 9188 [Note] Shutting down plugin 'INNODB_LOCKS'
2019-11-12 13:12:41 9188 [Note] Shutting down plugin 'INNODB_TRX'
2019-11-12 13:12:41 9188 [Note] Shutting down plugin 'InnoDB'
2019-11-12 13:12:41 9188 [Note] InnoDB: FTS optimize thread exiting.
2019-11-12 13:12:41 9188 [Note] InnoDB: Starting shutdown...
2019-11-12 13:12:42 9188 [Note] InnoDB: Shutdown completed; log sequence number 1604843
2019-11-12 13:12:42 9188 [Note] Shutting down plugin 'BLACKHOLE'
2019-11-12 13:12:42 9188 [Note] Shutting down plugin 'ARCHIVE'
2019-11-12 13:12:42 9188 [Note] Shutting down plugin 'MRG_MYISAM'
2019-11-12 13:12:42 9188 [Note] Shutting down plugin 'MyISAM'
2019-11-12 13:12:42 9188 [Note] Shutting down plugin 'MEMORY'
2019-11-12 13:12:42 9188 [Note] Shutting down plugin 'CSV'
2019-11-12 13:12:42 9188 [Note] Shutting down plugin 'sha256_password'
2019-11-12 13:12:42 9188 [Note] Shutting down plugin 'mysql_old_password'
2019-11-12 13:12:42 9188 [Note] Shutting down plugin 'mysql_native_password'
2019-11-12 13:12:42 9188 [Note] Shutting down plugin 'binlog'
2019-11-12 13:12:42 9188 [Note] mysql\bin\mysqld.exe: Shutdown complete

