::1 - - [11/Nov/2019:02:02:03 -0800] "GET / HTTP/1.1" 200 87
::1 - - [11/Nov/2019:02:02:03 -0800] "GET /favicon.ico HTTP/1.1" 200 1150
::1 - - [11/Nov/2019:02:02:03 -0800] "GET /ampps/index.php?act=secure HTTP/1.1" 200 29154
::1 - - [11/Nov/2019:02:02:05 -0800] "GET /ampps/themes/default/style.css?4.9.3 HTTP/1.1" 200 52692
::1 - - [11/Nov/2019:02:02:05 -0800] "GET /ampps/themes/default/font-awesome.css?4.9.3 HTTP/1.1" 200 6987
::1 - - [11/Nov/2019:02:02:05 -0800] "GET /ampps/themes/default/cache/cache.js?1573466419 HTTP/1.1" 200 75285
::1 - - [11/Nov/2019:02:02:05 -0800] "GET /ampps/themes/default/images/ampps/header.png HTTP/1.1" 200 4330
::1 - - [11/Nov/2019:02:02:05 -0800] "GET /ampps/themes/default/images/menu.png HTTP/1.1" 200 129
::1 - - [11/Nov/2019:02:02:05 -0800] "GET /ampps/themes/default/images/fb_loader.gif HTTP/1.1" 200 1226
::1 - - [11/Nov/2019:02:02:05 -0800] "GET /ampps/themes/default/images/search.png HTTP/1.1" 200 1295
::1 - - [11/Nov/2019:02:02:05 -0800] "GET /ampps/themes/default/bootstrap/js/bootstrap.min.js HTTP/1.1" 200 35951
::1 - - [11/Nov/2019:02:02:05 -0800] "GET /ampps/themes/default/bootstrap/css/bootstrap.css?4.9.3 HTTP/1.1" 200 141224
::1 - - [11/Nov/2019:02:02:05 -0800] "GET /ampps/themes/default/images/ampps/secure.png HTTP/1.1" 200 2811
::1 - - [11/Nov/2019:02:02:05 -0800] "GET /ampps/themes/default/images/top.png HTTP/1.1" 200 1236
::1 - - [11/Nov/2019:02:02:05 -0800] "GET /ampps/themes/default/js/combined.js?4.9.3 HTTP/1.1" 200 140426
::1 - - [11/Nov/2019:02:02:05 -0800] "GET /ampps/themes/default/images/collapsed.png HTTP/1.1" 200 212
::1 - - [11/Nov/2019:02:02:05 -0800] "GET /ampps/themes/default/fonts/OpenSans-Regular.woff?-cky9kd HTTP/1.1" 200 84928
::1 - - [11/Nov/2019:02:02:05 -0800] "GET /ampps/themes/default/fonts/soft.woff?mje4hl HTTP/1.1" 200 27256
::1 - - [11/Nov/2019:02:02:06 -0800] "GET /ampps/themes/default/images//ampps/favicon.ico HTTP/1.1" 200 1150
::1 - - [11/Nov/2019:02:02:36 -0800] "GET /ampps/index.php?act=settings HTTP/1.1" 200 40801
::1 - - [11/Nov/2019:02:02:37 -0800] "GET /ampps/themes/default/cache/cache.js?1573466419 HTTP/1.1" 304 -
::1 - - [11/Nov/2019:02:02:37 -0800] "GET /ampps/themes/default/images/progress.gif HTTP/1.1" 200 1849
::1 - - [11/Nov/2019:02:02:37 -0800] "GET /ampps/themes/default/spectrum.css?4.9.3 HTTP/1.1" 200 14412
::1 - - [11/Nov/2019:02:02:37 -0800] "GET /ampps/themes/default/js/spectrum.js HTTP/1.1" 200 68133
::1 - - [11/Nov/2019:02:02:45 -0800] "GET /ampps/index.php?act=settings HTTP/1.1" 200 40801
::1 - - [11/Nov/2019:02:02:51 -0800] "GET /ampps/index.php?act=installations HTTP/1.1" 200 32570
::1 - - [11/Nov/2019:02:02:51 -0800] "GET /ampps/themes/default/cache/cache.js?1573466419 HTTP/1.1" 304 -
::1 - - [11/Nov/2019:02:03:00 -0800] "GET /ampps/themes/default/images/expanded.png HTTP/1.1" 200 189
::1 - - [11/Nov/2019:02:03:00 -0800] "GET /ampps/index.php?act=listsoftwares&cat=dbtools&jsnohf=1 HTTP/1.1" 200 28798
::1 - - [11/Nov/2019:02:03:01 -0800] "GET /ampps/themes/default/js/motiongallery.js?_=1573466571706 HTTP/1.1" 200 5595
::1 - - [11/Nov/2019:02:03:01 -0800] "GET /ampps/themes/default/images/star.png HTTP/1.1" 200 234
::1 - - [11/Nov/2019:02:03:01 -0800] "GET /ampps/themes/default/images/halfstar.png HTTP/1.1" 200 244
::1 - - [11/Nov/2019:02:03:01 -0800] "GET /ampps/themes/default/images/nostar.png HTTP/1.1" 200 357
::1 - - [11/Nov/2019:02:03:01 -0800] "GET /ampps/themes/default/motiongallery.css HTTP/1.1" 200 619
::1 - - [11/Nov/2019:02:03:05 -0800] "GET /ampps/index.php?act=software&soft=279 HTTP/1.1" 200 12220
::1 - - [11/Nov/2019:02:03:06 -0800] "GET /ampps/index.php?act=software&soft=279 HTTP/1.1" 200 71526
::1 - - [11/Nov/2019:02:03:11 -0800] "GET /ampps/themes/default/js/tabber.js HTTP/1.1" 200 1263
::1 - - [11/Nov/2019:02:03:11 -0800] "GET /ampps/themes/default/cache/cache.js?1573466419 HTTP/1.1" 304 -
::1 - - [11/Nov/2019:02:03:11 -0800] "GET /ampps/themes/default/images/notify.gif HTTP/1.1" 200 833
::1 - - [11/Nov/2019:02:03:12 -0800] "GET /ampps/themes/default/images/plus_new.gif HTTP/1.1" 200 180
::1 - - [11/Nov/2019:02:03:21 -0800] "GET / HTTP/1.1" 200 2624
::1 - - [11/Nov/2019:02:03:21 -0800] "GET /icons/blank.gif HTTP/1.1" 200 148
::1 - - [11/Nov/2019:02:03:21 -0800] "GET /images-ampps/header_bkg.jpg HTTP/1.1" 200 9969
::1 - - [11/Nov/2019:02:03:21 -0800] "GET /icons/image2.gif HTTP/1.1" 200 309
::1 - - [11/Nov/2019:02:03:21 -0800] "GET /icons/folder.gif HTTP/1.1" 200 225
::1 - - [11/Nov/2019:02:03:30 -0800] "GET /ampps HTTP/1.1" 301 231
::1 - - [11/Nov/2019:02:03:31 -0800] "GET /ampps/themes/default/cache/cache.js?1573466419 HTTP/1.1" 304 -
::1 - - [11/Nov/2019:02:03:31 -0800] "GET /ampps/themes/default/images/info_star.png HTTP/1.1" 200 4314
::1 - - [11/Nov/2019:02:03:31 -0800] "GET /ampps/themes/default/images/star_ts.png HTTP/1.1" 200 1261
::1 - - [11/Nov/2019:02:03:31 -0800] "GET /ampps/themes/default/images/halfstar_ts.png HTTP/1.1" 200 1139
::1 - - [11/Nov/2019:02:03:31 -0800] "GET /ampps/themes/default/images/nostar_ts.png HTTP/1.1" 200 1145
::1 - - [11/Nov/2019:02:03:31 -0800] "GET /ampps/themes/default/images/ampps/ratings.png HTTP/1.1" 200 2583
::1 - - [11/Nov/2019:02:03:31 -0800] "GET /ampps/themes/default/images/ampps/security.png HTTP/1.1" 200 3350
::1 - - [11/Nov/2019:02:03:31 -0800] "GET /ampps/themes/default/images/ampps/status.png HTTP/1.1" 200 3603
::1 - - [11/Nov/2019:02:03:31 -0800] "GET /ampps/themes/default/images/ampps/adddomain.png HTTP/1.1" 200 3867
::1 - - [11/Nov/2019:02:03:30 -0800] "GET /ampps/ HTTP/1.1" 200 73731
::1 - - [11/Nov/2019:02:03:31 -0800] "GET /ampps/themes/default/images/ampps/domains.png HTTP/1.1" 200 3307
::1 - - [11/Nov/2019:02:03:31 -0800] "GET /ampps/themes/default/images/ampps/sqlite.png HTTP/1.1" 200 2429
::1 - - [11/Nov/2019:02:03:31 -0800] "GET /ampps/themes/default/images/ampps/adddb.png HTTP/1.1" 200 2427
::1 - - [11/Nov/2019:02:03:31 -0800] "GET /ampps/themes/default/images/ampps/phpmyadmin.png HTTP/1.1" 200 4889
::1 - - [11/Nov/2019:02:03:31 -0800] "GET /ampps/themes/default/images/ampps/mysqlsettings.png HTTP/1.1" 200 3161
::1 - - [11/Nov/2019:02:03:31 -0800] "GET /ampps/themes/default/images/ampps/rockmongo.png HTTP/1.1" 200 2403
::1 - - [11/Nov/2019:02:03:31 -0800] "GET /ampps/themes/default/images/ampps/addftp.png HTTP/1.1" 200 2446
::1 - - [11/Nov/2019:02:03:31 -0800] "GET /ampps/themes/default/images/ampps/ftp.png HTTP/1.1" 200 1581
::1 - - [11/Nov/2019:02:03:31 -0800] "GET /ampps/themes/default/images/ampps/alias.png HTTP/1.1" 200 1217
::1 - - [11/Nov/2019:02:03:31 -0800] "GET /ampps/themes/default/images/ampps/apache_settings.png HTTP/1.1" 200 3385
::1 - - [11/Nov/2019:02:03:31 -0800] "GET /ampps/themes/default/images/ampps/php_conf.png HTTP/1.1" 200 3777
::1 - - [11/Nov/2019:02:03:31 -0800] "GET /ampps/themes/default/images/ampps/demos.png HTTP/1.1" 200 2282
::1 - - [11/Nov/2019:02:03:31 -0800] "GET /ampps/themes/default/images/ampps/installations.png HTTP/1.1" 200 2652
::1 - - [11/Nov/2019:02:03:31 -0800] "GET /ampps/themes/default/images/ampps/emails.png HTTP/1.1" 200 2739
::1 - - [11/Nov/2019:02:03:31 -0800] "GET /ampps/themes/default/images/ampps/backups.png HTTP/1.1" 200 1395
::1 - - [11/Nov/2019:02:03:31 -0800] "GET /ampps/themes/default/images/ampps/phpinfo.png HTTP/1.1" 200 2760
::1 - - [11/Nov/2019:02:03:35 -0800] "GET /ampps-admin HTTP/1.1" 301 237
::1 - - [11/Nov/2019:02:03:36 -0800] "GET /ampps-admin/enduser/themes/default/font-awesome.css?4.9.3 HTTP/1.1" 200 6987
::1 - - [11/Nov/2019:02:03:36 -0800] "GET /ampps-admin/enduser/themes/default/bootstrap/css/bootstrap.css?4.9.3 HTTP/1.1" 200 141224
::1 - - [11/Nov/2019:02:03:36 -0800] "GET /ampps-admin/enduser/themes/default/bootstrap/js/bootstrap.min.js HTTP/1.1" 200 35951
::1 - - [11/Nov/2019:02:03:36 -0800] "GET /ampps-admin/enduser/themes/default/js/combined.js?4.9.3 HTTP/1.1" 200 140426
::1 - - [11/Nov/2019:02:03:36 -0800] "GET /ampps-admin/enduser/themes/default/images/menu.png HTTP/1.1" 200 129
::1 - - [11/Nov/2019:02:03:36 -0800] "GET /ampps-admin/enduser/themes/default/admin/style.css?4.9.3 HTTP/1.1" 200 18606
::1 - - [11/Nov/2019:02:03:36 -0800] "GET /ampps-admin/enduser/themes/default/images/ampps/header.png HTTP/1.1" 200 4330
::1 - - [11/Nov/2019:02:03:36 -0800] "GET /ampps-admin/enduser/themes/default/images/search.png HTTP/1.1" 200 1295
::1 - - [11/Nov/2019:02:03:36 -0800] "GET /ampps-admin/enduser/themes/default/images/collapsed.png HTTP/1.1" 200 212
::1 - - [11/Nov/2019:02:03:36 -0800] "GET /ampps-admin/enduser/themes/default/images/expanded.png HTTP/1.1" 200 189
::1 - - [11/Nov/2019:02:03:36 -0800] "GET /ampps-admin/enduser/themes/default/fonts/OpenSans-Regular.woff?-cky9kd HTTP/1.1" 200 84928
::1 - - [11/Nov/2019:02:03:36 -0800] "GET /ampps-admin/enduser/themes/default/fonts/soft.woff?mje4hl HTTP/1.1" 200 27256
::1 - - [11/Nov/2019:02:03:37 -0800] "GET /ampps-admin/enduser/themes/default/images/amppspremium.png HTTP/1.1" 200 25745
::1 - - [11/Nov/2019:02:03:35 -0800] "GET /ampps-admin/ HTTP/1.1" 200 17814
::1 - - [11/Nov/2019:02:03:38 -0800] "GET /ampps-admin/enduser/themes/default/images/virtualizor_scr.png HTTP/1.1" 200 60536
::1 - - [11/Nov/2019:02:03:38 -0800] "GET /ampps-admin/enduser/themes/default/images//ampps/favicon.ico HTTP/1.1" 200 1150
::1 - - [11/Nov/2019:02:03:53 -0800] "GET /ampps-admin/index.php?act=settings HTTP/1.1" 200 70688
::1 - - [11/Nov/2019:02:03:54 -0800] "GET /ampps-admin/enduser/themes/default/js/combined.js HTTP/1.1" 200 140426
::1 - - [11/Nov/2019:02:03:54 -0800] "GET /ampps-admin/enduser/themes/default/js/spectrum.js HTTP/1.1" 200 68133
::1 - - [11/Nov/2019:02:03:54 -0800] "GET /ampps-admin/enduser/themes/default/spectrum.css?4.9.3 HTTP/1.1" 200 14412
::1 - - [11/Nov/2019:02:04:07 -0800] "GET /ampps-admin/index.php?act=settings HTTP/1.1" 200 70688
::1 - - [11/Nov/2019:02:04:12 -0800] "GET /ampps-admin/index.php?act=adv_software HTTP/1.1" 200 11915
::1 - - [11/Nov/2019:02:04:14 -0800] "GET /ampps-admin/index.php?act=email HTTP/1.1" 200 15210
::1 - - [11/Nov/2019:02:04:18 -0800] "GET /ampps-admin/enduser/themes/default/images/pinguzo_scr.jpg HTTP/1.1" 200 47260
::1 - - [11/Nov/2019:02:04:16 -0800] "GET /ampps-admin/index.php? HTTP/1.1" 200 17792
::1 - - [11/Nov/2019:02:06:05 -0800] "GET /ampps-admin/ HTTP/1.1" 200 17778
::1 - - [11/Nov/2019:02:06:21 -0800] "GET /ampps-admin/index.php?act=settings HTTP/1.1" 200 70688
::1 - - [11/Nov/2019:02:11:41 -0800] "GET /ampps-admin/index.php?act=proxy HTTP/1.1" 200 13476
::1 - - [11/Nov/2019:02:11:42 -0800] "GET /ampps-admin/index.php?act=email HTTP/1.1" 200 15210
::1 - - [11/Nov/2019:02:11:45 -0800] "GET /ampps-admin/index.php?act=topscripts HTTP/1.1" 200 173854
::1 - - [11/Nov/2019:02:11:46 -0800] "GET /ampps-admin/enduser/themes/default/images/right_arrow.png HTTP/1.1" 200 693
::1 - - [11/Nov/2019:02:11:46 -0800] "GET /ampps-admin/enduser/themes/default/images/left_arrow.png HTTP/1.1" 200 710
::1 - - [11/Nov/2019:02:11:46 -0800] "GET /ampps-admin/enduser/themes/default/js/jquery.js HTTP/1.1" 200 93064
::1 - - [11/Nov/2019:02:11:46 -0800] "GET /ampps-admin/enduser/themes/default/js/script_select.js HTTP/1.1" 200 29901
::1 - - [11/Nov/2019:02:11:52 -0800] "GET /ampps-admin/index.php?act=softwares HTTP/1.1" 200 454036
::1 - - [11/Nov/2019:02:12:00 -0800] "GET /ampps-admin/index.php?act=customscripts HTTP/1.1" 200 13175
::1 - - [11/Nov/2019:02:12:02 -0800] "GET /ampps-admin/index.php?act=script_requirement HTTP/1.1" 200 11915
::1 - - [11/Nov/2019:02:12:04 -0800] "GET /ampps-admin/index.php?act=adv_software HTTP/1.1" 200 11915
::1 - - [11/Nov/2019:02:12:07 -0800] "GET /ampps-admin/index.php?act=adv_software HTTP/1.1" 200 11915
::1 - - [11/Nov/2019:02:12:07 -0800] "GET /ampps-admin/index.php?act=adv_software HTTP/1.1" 200 11915
::1 - - [11/Nov/2019:02:12:13 -0800] "GET /ampps-admin/index.php?act=installations&show=byusers HTTP/1.1" 200 16107
::1 - - [11/Nov/2019:02:12:14 -0800] "GET /ampps-admin/enduser/themes/default/js/osuggest.js HTTP/1.1" 200 3768
::1 - - [11/Nov/2019:02:12:16 -0800] "GET /ampps-admin/index.php?act=installations&show=bydomains HTTP/1.1" 200 16107
::1 - - [11/Nov/2019:02:12:19 -0800] "GET /ampps-admin/index.php?act=installations HTTP/1.1" 200 16009
::1 - - [11/Nov/2019:02:12:23 -0800] "GET /ampps-admin/index.php? HTTP/1.1" 200 17814
::1 - - [11/Nov/2019:02:13:01 -0800] "GET /?phpinfo=1 HTTP/1.1" 200 2624
::1 - - [11/Nov/2019:02:13:11 -0800] "GET /phpmyadmin HTTP/1.1" 301 236
::1 - - [11/Nov/2019:02:13:11 -0800] "GET /phpmyadmin/ HTTP/1.1" 200 9077
::1 - - [11/Nov/2019:02:13:12 -0800] "GET /phpmyadmin/themes/pmahomme/jquery/jquery-ui-1.11.2.css HTTP/1.1" 200 35212
::1 - - [11/Nov/2019:02:13:12 -0800] "GET /phpmyadmin/js/whitelist.php?lang=en&db=&collation_connection=utf8mb4_unicode_ci&token=8f485afa7ae3afb28f44fc32cacad8dc HTTP/1.1" 200 498
::1 - - [11/Nov/2019:02:13:12 -0800] "GET /phpmyadmin/phpmyadmin.css.php?nocache=5841114801ltr HTTP/1.1" 200 21402
::1 - - [11/Nov/2019:02:13:12 -0800] "GET /phpmyadmin/themes/pmahomme/img/logo_left.png HTTP/1.1" 200 2327
::1 - - [11/Nov/2019:02:13:12 -0800] "GET /phpmyadmin/themes/dot.gif HTTP/1.1" 200 43
::1 - - [11/Nov/2019:02:13:12 -0800] "GET /phpmyadmin/themes/pmahomme/img/ajax_clock_small.gif HTTP/1.1" 200 1810
::1 - - [11/Nov/2019:02:13:12 -0800] "GET /phpmyadmin/themes/pmahomme/img/s_collapseall.png HTTP/1.1" 200 170
::1 - - [11/Nov/2019:02:13:12 -0800] "GET /phpmyadmin/js/get_scripts.js.php?scripts%5B%5D=jquery/jquery.debounce-1.0.5.js&scripts%5B%5D=menu-resizer.js&scripts%5B%5D=cross_framing_protection.js&scripts%5B%5D=rte.js&scripts%5B%5D=tracekit/tracekit.js&scripts%5B%5D=error_report.js&scripts%5B%5D=doclinks.js&scripts%5B%5D=functions.js&scripts%5B%5D=navigation.js&scripts%5B%5D=indexes.js HTTP/1.1" 200 76681
::1 - - [11/Nov/2019:02:13:12 -0800] "GET /phpmyadmin/js/get_scripts.js.php?scripts%5B%5D=jquery/jquery-1.11.1.min.js&scripts%5B%5D=sprintf.js&scripts%5B%5D=ajax.js&scripts%5B%5D=keyhandler.js&scripts%5B%5D=jquery/jquery-ui-1.11.2.min.js&scripts%5B%5D=jquery/jquery.cookie.js&scripts%5B%5D=jquery/jquery.mousewheel.js&scripts%5B%5D=jquery/jquery.event.drag-2.2.js&scripts%5B%5D=jquery/jquery-ui-timepicker-addon.js&scripts%5B%5D=jquery/jquery.ba-hashchange-1.3.js HTTP/1.1" 200 139591
::1 - - [11/Nov/2019:02:13:12 -0800] "GET /phpmyadmin/js/get_scripts.js.php?scripts%5B%5D=common.js&scripts%5B%5D=codemirror/lib/codemirror.js&scripts%5B%5D=codemirror/mode/sql/sql.js&scripts%5B%5D=codemirror/addon/runmode/runmode.js&scripts%5B%5D=codemirror/addon/hint/show-hint.js&scripts%5B%5D=codemirror/addon/hint/sql-hint.js&scripts%5B%5D=console.js&scripts%5B%5D=config.js HTTP/1.1" 200 122700
::1 - - [11/Nov/2019:02:13:12 -0800] "GET /phpmyadmin/js/messages.php?lang=en&db=&collation_connection=utf8mb4_unicode_ci&token=8f485afa7ae3afb28f44fc32cacad8dc HTTP/1.1" 200 7394
::1 - - [11/Nov/2019:02:13:12 -0800] "GET /phpmyadmin/js/get_image.js.php?theme=pmahomme HTTP/1.1" 200 1833
::1 - - [11/Nov/2019:02:13:13 -0800] "GET /phpmyadmin/themes/pmahomme/img/left_nav_bg.png HTTP/1.1" 200 297
::1 - - [11/Nov/2019:02:13:13 -0800] "GET /phpmyadmin/themes/pmahomme/img/sprites.png HTTP/1.1" 200 46795
::1 - - [11/Nov/2019:02:13:13 -0800] "GET /phpmyadmin/favicon.ico HTTP/1.1" 200 18902
::1 - - [11/Nov/2019:02:13:13 -0800] "POST /phpmyadmin/db_structure.php?ajax_request=1&favorite_table=1&sync_favorite_tables=1&lang=en&collation_connection=utf8mb4_unicode_ci&token=8f485afa7ae3afb28f44fc32cacad8dc HTTP/1.1" 200 1340
::1 - - [11/Nov/2019:02:13:13 -0800] "POST /phpmyadmin/version_check.php HTTP/1.1" 200 28
::1 - - [11/Nov/2019:02:14:02 -0800] "GET /?phpinfo=1 HTTP/1.1" 200 2624
::1 - - [11/Nov/2019:02:14:17 -0800] "GET / HTTP/1.1" 200 2624
::1 - - [11/Nov/2019:02:14:42 -0800] "GET /cgi-bin/ HTTP/1.1" 403 217
::1 - - [11/Nov/2019:02:14:45 -0800] "GET /error/ HTTP/1.1" 200 2804
::1 - - [11/Nov/2019:02:14:45 -0800] "GET /icons/text.gif HTTP/1.1" 200 229
::1 - - [11/Nov/2019:02:14:45 -0800] "GET /icons/back.gif HTTP/1.1" 200 216
::1 - - [11/Nov/2019:02:14:47 -0800] "GET /error/ HTTP/1.1" 200 2804
::1 - - [11/Nov/2019:02:14:49 -0800] "GET /error/50x.html HTTP/1.1" 200 496
::1 - - [11/Nov/2019:02:14:58 -0800] "GET /phpmyadmin/ HTTP/1.1" 200 8952
::1 - - [11/Nov/2019:02:14:58 -0800] "GET /phpmyadmin/js/messages.php?lang=en&db=&token=8f485afa7ae3afb28f44fc32cacad8dc HTTP/1.1" 200 7394
::1 - - [11/Nov/2019:02:14:58 -0800] "GET /phpmyadmin/phpmyadmin.css.php?nocache=5841114802ltr HTTP/1.1" 200 21402
::1 - - [11/Nov/2019:02:14:58 -0800] "GET /phpmyadmin/js/whitelist.php?lang=en&db=&token=8f485afa7ae3afb28f44fc32cacad8dc HTTP/1.1" 200 498
::1 - - [11/Nov/2019:02:14:59 -0800] "GET /phpmyadmin/index.php?db=&table=&server=1&target=&lang=en&collation_connection=utf8mb4_unicode_ci&token=8f485afa7ae3afb28f44fc32cacad8dc HTTP/1.1" 200 8959
::1 - - [11/Nov/2019:02:14:59 -0800] "POST /phpmyadmin/navigation.php?ajax_request=1&token=8f485afa7ae3afb28f44fc32cacad8dc HTTP/1.1" 200 1617
::1 - - [11/Nov/2019:02:14:59 -0800] "POST /phpmyadmin/version_check.php HTTP/1.1" 200 28
::1 - - [11/Nov/2019:02:15:01 -0800] "GET /phpmyadmin/server_databases.php?db=&token=8f485afa7ae3afb28f44fc32cacad8dc&ajax_request=true&ajax_page_request=true&menuHashes=dd737ad9&_nocache=157346730196910105 HTTP/1.1" 200 4371
::1 - - [11/Nov/2019:02:15:02 -0800] "GET /phpmyadmin/js/get_scripts.js.php?scripts%5B%5D=server_databases.js&call_done=1 HTTP/1.1" 200 1681
::1 - - [11/Nov/2019:02:15:03 -0800] "GET /phpmyadmin/server_sql.php?db=&token=8f485afa7ae3afb28f44fc32cacad8dc&ajax_request=true&ajax_page_request=true&menuHashes=dd737ad9-83bb953e&_nocache=1573467303848975118 HTTP/1.1" 200 2032
::1 - - [11/Nov/2019:02:15:03 -0800] "GET /phpmyadmin/js/get_scripts.js.php?scripts%5B%5D=makegrid.js&scripts%5B%5D=jquery/jquery.uitablefilter.js&scripts%5B%5D=sql.js&call_done=1 HTTP/1.1" 200 24895
::1 - - [11/Nov/2019:02:15:06 -0800] "GET /phpmyadmin/server_status.php?db=&token=8f485afa7ae3afb28f44fc32cacad8dc&ajax_request=true&ajax_page_request=true&menuHashes=dd737ad9-83bb953e-180d9998&_nocache=1573467306074926007 HTTP/1.1" 200 1888
::1 - - [11/Nov/2019:02:15:09 -0800] "GET /phpmyadmin/server_privileges.php?db=&token=8f485afa7ae3afb28f44fc32cacad8dc&viewing_mode=server&ajax_request=true&ajax_page_request=true&menuHashes=dd737ad9-83bb953e-180d9998-b7b56634&_nocache=1573467309630873390 HTTP/1.1" 200 2947
::1 - - [11/Nov/2019:02:15:09 -0800] "GET /phpmyadmin/themes/pmahomme/img/arrow_ltr.png HTTP/1.1" 200 139
::1 - - [11/Nov/2019:02:15:09 -0800] "GET /phpmyadmin/js/get_scripts.js.php?scripts%5B%5D=server_privileges.js&call_done=1 HTTP/1.1" 200 3875
::1 - - [11/Nov/2019:02:15:21 -0800] "GET /phpmyadmin/server_privileges.php?adduser=1&token=8f485afa7ae3afb28f44fc32cacad8dc&ajax_request=true&ajax_page_request=true&menuHashes=dd737ad9-83bb953e-180d9998-b7b56634-164f7c06&_nocache=1573467321180314467 HTTP/1.1" 200 4133
::1 - - [11/Nov/2019:02:15:35 -0800] "GET /phpmyadmin/server_privileges.php?ajax_request=true&token=8f485afa7ae3afb28f44fc32cacad8dc&server=1&validate_username=true&username=papa_jon&_nocache=1573467335453686576 HTTP/1.1" 200 1364
::1 - - [11/Nov/2019:02:16:04 -0800] "GET /phpmyadmin/prefs_manage.php?db=&token=8f485afa7ae3afb28f44fc32cacad8dc&ajax_request=true&ajax_page_request=true&menuHashes=dd737ad9-83bb953e-180d9998-b7b56634-164f7c06&_nocache=1573467364401850422 HTTP/1.1" 200 2655
::1 - - [11/Nov/2019:02:16:09 -0800] "GET /phpmyadmin/server_privileges.php?db=&token=8f485afa7ae3afb28f44fc32cacad8dc&viewing_mode=server&ajax_request=true&ajax_page_request=true&menuHashes=dd737ad9-83bb953e-180d9998-b7b56634-164f7c06-148bd1fc&_nocache=1573467369712517805 HTTP/1.1" 200 2535
::1 - - [11/Nov/2019:02:16:12 -0800] "GET /phpmyadmin/prefs_manage.php?db=&token=8f485afa7ae3afb28f44fc32cacad8dc&ajax_request=true&ajax_page_request=true&menuHashes=dd737ad9-83bb953e-180d9998-b7b56634-164f7c06-148bd1fc&_nocache=1573467372437285878 HTTP/1.1" 200 2290
::1 - - [11/Nov/2019:02:16:16 -0800] "GET /phpmyadmin/server_replication.php?db=&token=8f485afa7ae3afb28f44fc32cacad8dc&ajax_request=true&ajax_page_request=true&menuHashes=dd737ad9-83bb953e-180d9998-b7b56634-164f7c06-148bd1fc&_nocache=1573467376961115262 HTTP/1.1" 200 1433
::1 - - [11/Nov/2019:02:16:17 -0800] "GET /phpmyadmin/js/get_scripts.js.php?scripts%5B%5D=replication.js&call_done=1 HTTP/1.1" 200 680
::1 - - [11/Nov/2019:02:16:18 -0800] "GET /phpmyadmin/server_variables.php?db=&token=8f485afa7ae3afb28f44fc32cacad8dc&ajax_request=true&ajax_page_request=true&menuHashes=dd737ad9-83bb953e-180d9998-b7b56634-164f7c06-148bd1fc-8d749f89&_nocache=1573467378004730324 HTTP/1.1" 200 13045
::1 - - [11/Nov/2019:02:16:18 -0800] "GET /phpmyadmin/js/get_scripts.js.php?scripts%5B%5D=server_variables.js&call_done=1 HTTP/1.1" 200 1611
::1 - - [11/Nov/2019:02:16:19 -0800] "GET /phpmyadmin/server_collations.php?db=&token=8f485afa7ae3afb28f44fc32cacad8dc&ajax_request=true&ajax_page_request=true&menuHashes=83bb953e-180d9998-b7b56634-164f7c06-148bd1fc-8d749f89-984fb1e3&_nocache=1573467379157424764 HTTP/1.1" 200 3563
::1 - - [11/Nov/2019:02:16:20 -0800] "GET /phpmyadmin/server_engines.php?db=&token=8f485afa7ae3afb28f44fc32cacad8dc&ajax_request=true&ajax_page_request=true&menuHashes=180d9998-b7b56634-164f7c06-148bd1fc-8d749f89-984fb1e3-3eb36db8&_nocache=1573467380727407831 HTTP/1.1" 200 1733
::1 - - [11/Nov/2019:02:16:22 -0800] "GET /phpmyadmin/server_databases.php?db=&token=8f485afa7ae3afb28f44fc32cacad8dc&ajax_request=true&ajax_page_request=true&menuHashes=b7b56634-164f7c06-148bd1fc-8d749f89-984fb1e3-3eb36db8-353a9eb6&_nocache=1573467382395559762 HTTP/1.1" 200 4371
::1 - - [11/Nov/2019:02:16:27 -0800] "GET /phpmyadmin/index.php?token=8f485afa7ae3afb28f44fc32cacad8dc&ajax_request=true&ajax_page_request=true&menuHashes=164f7c06-148bd1fc-8d749f89-984fb1e3-3eb36db8-353a9eb6-83bb953e&_nocache=1573467387596823433 HTTP/1.1" 200 6409
::1 - - [11/Nov/2019:02:16:27 -0800] "POST /phpmyadmin/version_check.php HTTP/1.1" 200 28
::1 - - [11/Nov/2019:02:16:31 -0800] "GET /phpmyadmin/index.php?token=8f485afa7ae3afb28f44fc32cacad8dc&set_theme=original HTTP/1.1" 200 8957
::1 - - [11/Nov/2019:02:16:31 -0800] "GET /phpmyadmin/themes/original/img/ajax_clock_small.gif HTTP/1.1" 200 1810
::1 - - [11/Nov/2019:02:16:31 -0800] "GET /phpmyadmin/themes/original/img/logo_left.png HTTP/1.1" 200 6796
::1 - - [11/Nov/2019:02:16:31 -0800] "GET /phpmyadmin/themes/original/jquery/jquery-ui-1.11.2.css HTTP/1.1" 200 35212
::1 - - [11/Nov/2019:02:16:31 -0800] "GET /phpmyadmin/themes/original/img/s_collapseall.png HTTP/1.1" 200 170
::1 - - [11/Nov/2019:02:16:31 -0800] "GET /phpmyadmin/phpmyadmin.css.php?nocache=5841114631ltr HTTP/1.1" 200 20329
::1 - - [11/Nov/2019:02:16:31 -0800] "GET /phpmyadmin/js/get_image.js.php?theme=original HTTP/1.1" 200 1760
::1 - - [11/Nov/2019:02:16:31 -0800] "POST /phpmyadmin/navigation.php?ajax_request=1&token=8f485afa7ae3afb28f44fc32cacad8dc HTTP/1.1" 200 1618
::1 - - [11/Nov/2019:02:16:31 -0800] "GET /phpmyadmin/themes/original/img/logo_right.png HTTP/1.1" 200 4548
::1 - - [11/Nov/2019:02:16:31 -0800] "GET /phpmyadmin/themes/original/img/sprites.png HTTP/1.1" 200 26384
::1 - - [11/Nov/2019:02:16:31 -0800] "POST /phpmyadmin/version_check.php HTTP/1.1" 200 28
::1 - - [11/Nov/2019:02:16:33 -0800] "GET /phpmyadmin/prefs_manage.php?token=8f485afa7ae3afb28f44fc32cacad8dc&ajax_request=true&ajax_page_request=true&menuHashes=dd737ad9&_nocache=1573467393956836537 HTTP/1.1" 200 2655
::1 - - [11/Nov/2019:02:16:37 -0800] "POST /phpmyadmin/version_check.php HTTP/1.1" 200 28
::1 - - [11/Nov/2019:02:16:52 -0800] "GET /phpmyadmin/server_status.php?db=&token=8f485afa7ae3afb28f44fc32cacad8dc&ajax_request=true&ajax_page_request=true&menuHashes=dd737ad9-148bd1fc&_nocache=1573467412116534942 HTTP/1.1" 200 1893
::1 - - [11/Nov/2019:02:20:51 -0800] "OPTIONS /ROOT/subscription%3ANTEventLogEventConsumer.Name%3D%22SCM%20Event%20Log%20Consumer%22 HTTP/1.1" 200 -
::1 - - [11/Nov/2019:02:20:51 -0800] "PROPFIND /ROOT/subscription%3ANTEventLogEventConsumer.Name%3D%22SCM%20Event%20Log%20Consumer%22 HTTP/1.1" 405 307
::1 - - [11/Nov/2019:02:20:51 -0800] "PROPFIND /ROOT HTTP/1.1" 405 230
::1 - - [11/Nov/2019:02:21:07 -0800] "GET /hello.php HTTP/1.1" 200 116
::1 - - [11/Nov/2019:02:21:49 -0800] "GET /phpinfo.php HTTP/1.1" 200 115707
::1 - - [11/Nov/2019:02:47:52 -0800] "GET /sqlBuddy HTTP/1.1" 404 448
::1 - - [11/Nov/2019:02:50:04 -0800] "GET /phpmyadmin/server_sql.php?db=&token=8f485afa7ae3afb28f44fc32cacad8dc&ajax_request=true&ajax_page_request=true&menuHashes=dd737ad9-148bd1fc-b7b56634&_nocache=157346940418822822 HTTP/1.1" 200 2130
::1 - - [11/Nov/2019:02:50:30 -0800] "GET /phpmyadmin/url.php?url=http%3A%2F%2Fdev.mysql.com%2Fdoc%2Frefman%2F5.5%2Fen%2Ferror-messages-server.html HTTP/1.1" 200 180
::1 - - [11/Nov/2019:02:50:57 -0800] "GET /phpmyadmin/index.php?token=8f485afa7ae3afb28f44fc32cacad8dc&ajax_request=true&ajax_page_request=true&menuHashes=dd737ad9-148bd1fc-b7b56634-4e214ee1&_nocache=1573469457096842039 HTTP/1.1" 200 2112
::1 - - [11/Nov/2019:02:51:13 -0800] "GET /?phpinfo=1 HTTP/1.1" 200 3052
::1 - - [11/Nov/2019:02:51:13 -0800] "GET /icons/unknown.gif HTTP/1.1" 200 245
::1 - - [11/Nov/2019:02:51:29 -0800] "GET / HTTP/1.1" 200 3052
::1 - - [11/Nov/2019:02:51:36 -0800] "GET /?phpinfo=1 HTTP/1.1" 200 3052
::1 - - [11/Nov/2019:02:51:55 -0800] "GET /ampps-admin/ HTTP/1.1" 200 17792
::1 - - [11/Nov/2019:02:52:32 -0800] "GET /ampps-admin/ HTTP/1.1" 200 17814
::1 - - [11/Nov/2019:02:52:42 -0800] "GET /ampps-admin/index.php?act=errorlog HTTP/1.1" 200 14099
::1 - - [11/Nov/2019:02:52:43 -0800] "GET /ampps-admin/index.php?givejs%5B0%5D=js%2Fcombined.js&4.9.3 HTTP/1.1" 200 47341
::1 - - [11/Nov/2019:02:52:50 -0800] "GET /ampps-admin/index.php?act=installations&show=byusers HTTP/1.1" 200 16107
::1 - - [11/Nov/2019:02:52:54 -0800] "GET /error/ HTTP/1.1" 200 2804
::1 - - [11/Nov/2019:02:52:56 -0800] "GET / HTTP/1.1" 200 3052
::1 - - [11/Nov/2019:02:52:57 -0800] "GET /cgi-bin/ HTTP/1.1" 403 217
::1 - - [11/Nov/2019:02:53:00 -0800] "GET /hello.php HTTP/1.1" 200 116
::1 - - [11/Nov/2019:03:03:35 -0800] "GET /hello.php HTTP/1.1" 200 159
::1 - - [11/Nov/2019:03:06:52 -0800] "GET /phpmyadmin/ HTTP/1.1" 200 8987
::1 - - [11/Nov/2019:03:06:53 -0800] "GET /phpmyadmin/phpmyadmin.css.php?nocache=5841117850ltr HTTP/1.1" 200 20329
::1 - - [11/Nov/2019:03:06:53 -0800] "GET /phpmyadmin/js/whitelist.php?lang=en&db=&token=2e6321b428f5c3f2a5f17c9ccca3ca4f HTTP/1.1" 200 498
::1 - - [11/Nov/2019:03:06:53 -0800] "GET /phpmyadmin/js/messages.php?lang=en&db=&token=2e6321b428f5c3f2a5f17c9ccca3ca4f HTTP/1.1" 200 7392
::1 - - [11/Nov/2019:03:06:53 -0800] "GET /phpmyadmin/index.php?db=&table=&server=1&target=&lang=en&collation_connection=utf8mb4_unicode_ci&token=8f485afa7ae3afb28f44fc32cacad8dc HTTP/1.1" 200 8813
::1 - - [11/Nov/2019:03:06:53 -0800] "GET /phpmyadmin/js/whitelist.php?lang=en&db=&token=a7b13bc43bf750a4c7cfaf6c4eec8bdf HTTP/1.1" 200 498
::1 - - [11/Nov/2019:03:06:53 -0800] "GET /phpmyadmin/js/messages.php?lang=en&db=&token=a7b13bc43bf750a4c7cfaf6c4eec8bdf HTTP/1.1" 200 7392
::1 - - [11/Nov/2019:03:06:53 -0800] "GET /phpmyadmin/js/get_scripts.js.php?scripts%5B%5D=common.js&scripts%5B%5D=codemirror/lib/codemirror.js&scripts%5B%5D=codemirror/mode/sql/sql.js&scripts%5B%5D=codemirror/addon/runmode/runmode.js&scripts%5B%5D=codemirror/addon/hint/show-hint.js&scripts%5B%5D=codemirror/addon/hint/sql-hint.js&scripts%5B%5D=console.js HTTP/1.1" 200 117005
::1 - - [11/Nov/2019:03:06:54 -0800] "POST /phpmyadmin/db_structure.php?ajax_request=1&favorite_table=1&sync_favorite_tables=1&token=a7b13bc43bf750a4c7cfaf6c4eec8bdf HTTP/1.1" 200 1343
::1 - - [11/Nov/2019:03:06:54 -0800] "POST /phpmyadmin/version_check.php HTTP/1.1" 200 28
::1 - - [11/Nov/2019:03:06:57 -0800] "GET /phpmyadmin/server_privileges.php?db=&token=a7b13bc43bf750a4c7cfaf6c4eec8bdf&viewing_mode=server&ajax_request=true&ajax_page_request=true&menuHashes=bad92308&_nocache=1573470417576482390 HTTP/1.1" 200 2949
::1 - - [11/Nov/2019:03:06:57 -0800] "GET /phpmyadmin/themes/original/img/arrow_ltr.png HTTP/1.1" 200 139
::1 - - [11/Nov/2019:03:07:02 -0800] "GET /phpmyadmin/server_privileges.php?adduser=1&token=a7b13bc43bf750a4c7cfaf6c4eec8bdf&ajax_request=true&ajax_page_request=true&menuHashes=bad92308-18955a92&_nocache=1573470422730136163 HTTP/1.1" 200 4137
::1 - - [11/Nov/2019:03:07:21 -0800] "GET /phpmyadmin/server_privileges.php?ajax_request=true&token=a7b13bc43bf750a4c7cfaf6c4eec8bdf&server=1&validate_username=true&username=craig&_nocache=1573470441737853970 HTTP/1.1" 200 1367
::1 - - [11/Nov/2019:03:07:47 -0800] "GET /phpmyadmin/server_privileges.php?db=&token=a7b13bc43bf750a4c7cfaf6c4eec8bdf&viewing_mode=server&ajax_request=true&ajax_page_request=true&menuHashes=bad92308-18955a92&_nocache=1573470467051567192 HTTP/1.1" 200 2536
::1 - - [11/Nov/2019:03:07:52 -0800] "GET /phpmyadmin/server_privileges.php?adduser=1&token=a7b13bc43bf750a4c7cfaf6c4eec8bdf&ajax_request=true&ajax_page_request=true&menuHashes=bad92308-18955a92&_nocache=1573470472500540502 HTTP/1.1" 200 4137
::1 - - [11/Nov/2019:03:07:57 -0800] "GET /phpmyadmin/server_privileges.php?ajax_request=true&token=a7b13bc43bf750a4c7cfaf6c4eec8bdf&server=1&validate_username=true&username=test&_nocache=1573470477877847863 HTTP/1.1" 200 1367
::1 - - [11/Nov/2019:03:08:59 -0800] "GET /phpmyadmin/server_privileges.php?ajax_request=true&token=a7b13bc43bf750a4c7cfaf6c4eec8bdf&server=1&validate_username=true&username=testies&_nocache=1573470539859806554 HTTP/1.1" 200 1367
::1 - - [11/Nov/2019:03:09:43 -0800] "POST /phpmyadmin/server_privileges.php HTTP/1.1" 200 5445
::1 - - [11/Nov/2019:03:09:44 -0800] "GET /phpmyadmin/server_privileges.php?ajax_request=true&token=a7b13bc43bf750a4c7cfaf6c4eec8bdf&server=1&validate_username=true&username=testies&_nocache=1573470584143113348 HTTP/1.1" 200 1365
::1 - - [11/Nov/2019:03:09:48 -0800] "GET /phpmyadmin/server_privileges.php?db=&token=a7b13bc43bf750a4c7cfaf6c4eec8bdf&viewing_mode=server&ajax_request=true&ajax_page_request=true&menuHashes=bad92308-18955a92&_nocache=1573470588218704661 HTTP/1.1" 200 2687
::1 - - [11/Nov/2019:03:10:03 -0800] "GET /phpmyadmin/server_databases.php?db=&token=a7b13bc43bf750a4c7cfaf6c4eec8bdf&ajax_request=true&ajax_page_request=true&menuHashes=bad92308-18955a92&_nocache=157347060358636669 HTTP/1.1" 200 4374
::1 - - [11/Nov/2019:03:10:05 -0800] "GET /phpmyadmin/server_sql.php?db=&token=a7b13bc43bf750a4c7cfaf6c4eec8bdf&ajax_request=true&ajax_page_request=true&menuHashes=bad92308-18955a92-b54573d3&_nocache=1573470605196362872 HTTP/1.1" 200 2035
::1 - - [11/Nov/2019:03:10:06 -0800] "GET /phpmyadmin/server_databases.php?db=&token=a7b13bc43bf750a4c7cfaf6c4eec8bdf&ajax_request=true&ajax_page_request=true&menuHashes=bad92308-18955a92-b54573d3-5a8bc190&_nocache=1573470606794432268 HTTP/1.1" 200 3928
::1 - - [11/Nov/2019:03:10:30 -0800] "POST /phpmyadmin/db_create.php HTTP/1.1" 200 1862
::1 - - [11/Nov/2019:03:10:31 -0800] "GET /phpmyadmin/db_structure.php?db=festival_db&token=a7b13bc43bf750a4c7cfaf6c4eec8bdf&db=festival_db&ajax_request=true&ajax_page_request=true&menuHashes=bad92308-18955a92-b54573d3-5a8bc190&_nocache=1573470631120186328 HTTP/1.1" 200 1654
::1 - - [11/Nov/2019:03:10:31 -0800] "POST /phpmyadmin/navigation.php?ajax_request=1&token=a7b13bc43bf750a4c7cfaf6c4eec8bdf HTTP/1.1" 200 1778
::1 - - [11/Nov/2019:03:10:31 -0800] "GET /phpmyadmin/js/get_scripts.js.php?scripts%5B%5D=db_structure.js&scripts%5B%5D=tbl_change.js&call_done=1 HTTP/1.1" 200 10796
::1 - - [11/Nov/2019:03:10:31 -0800] "GET /phpmyadmin/navigation.php?ajax_request=1&token=a7b13bc43bf750a4c7cfaf6c4eec8bdf&aPath=cm9vdA%3D%3D.ZmVzdGl2YWxfZGI%3D&vPath=cm9vdA%3D%3D.ZmVzdGl2YWxfZGI%3D&pos=0&pos2_name=&pos2_value=&searchClause=&searchClause2=&_nocache=157347063174328015 HTTP/1.1" 200 1288
::1 - - [11/Nov/2019:03:10:50 -0800] "POST /phpmyadmin/tbl_create.php HTTP/1.1" 200 20600
::1 - - [11/Nov/2019:03:10:51 -0800] "GET /phpmyadmin/index.php?ajax_request=1&recent_table=1&token=a7b13bc43bf750a4c7cfaf6c4eec8bdf HTTP/1.1" 200 1293
::1 - - [11/Nov/2019:03:11:34 -0800] "POST /phpmyadmin/tbl_indexes.php HTTP/1.1" 200 2435
::1 - - [11/Nov/2019:03:11:34 -0800] "GET /phpmyadmin/themes/original/jquery/images/ui-bg_flat_75_ffffff_40x100.png HTTP/1.1" 200 247
::1 - - [11/Nov/2019:03:11:34 -0800] "GET /phpmyadmin/themes/original/jquery/images/ui-icons_222222_256x240.png HTTP/1.1" 200 7006
::1 - - [11/Nov/2019:03:11:34 -0800] "GET /phpmyadmin/themes/original/jquery/images/ui-bg_highlight-soft_75_cccccc_1x100.png HTTP/1.1" 200 319
::1 - - [11/Nov/2019:03:11:34 -0800] "GET /phpmyadmin/themes/original/jquery/images/ui-bg_glass_75_e6e6e6_1x400.png HTTP/1.1" 200 301
::1 - - [11/Nov/2019:03:11:34 -0800] "GET /phpmyadmin/themes/original/img/s_sortable.png HTTP/1.1" 200 132
::1 - - [11/Nov/2019:03:11:34 -0800] "GET /phpmyadmin/themes/original/jquery/images/ui-bg_flat_0_aaaaaa_40x100.png HTTP/1.1" 200 251
::1 - - [11/Nov/2019:03:11:34 -0800] "GET /phpmyadmin/themes/original/jquery/images/ui-icons_888888_256x240.png HTTP/1.1" 200 7092
::1 - - [11/Nov/2019:03:11:46 -0800] "GET /phpmyadmin/themes/original/jquery/images/ui-bg_glass_75_dadada_1x400.png HTTP/1.1" 200 301
::1 - - [11/Nov/2019:03:11:54 -0800] "GET /phpmyadmin/themes/original/jquery/images/ui-bg_glass_65_ffffff_1x400.png HTTP/1.1" 200 246
::1 - - [11/Nov/2019:03:13:24 -0800] "POST /phpmyadmin/tbl_create.php HTTP/1.1" 200 1588
::1 - - [11/Nov/2019:03:13:27 -0800] "POST /phpmyadmin/tbl_structure.php HTTP/1.1" 200 95
::1 - - [11/Nov/2019:03:13:28 -0800] "POST /phpmyadmin/tbl_create.php HTTP/1.1" 200 1541
::1 - - [11/Nov/2019:03:13:28 -0800] "GET /phpmyadmin/db_structure.php?token=a7b13bc43bf750a4c7cfaf6c4eec8bdf&server=1&db=festival_db&table=venue&ajax_request=true&ajax_page_request=true&menuHashes=bad92308-18955a92-b54573d3-5a8bc190-540f891f-22e5b113&_nocache=1573470808360119817 HTTP/1.1" 200 2753
::1 - - [11/Nov/2019:03:13:28 -0800] "POST /phpmyadmin/navigation.php?ajax_request=1&token=a7b13bc43bf750a4c7cfaf6c4eec8bdf HTTP/1.1" 200 2005
::1 - - [11/Nov/2019:03:13:28 -0800] "GET /phpmyadmin/tbl_structure.php?server=1&db=festival_db&token=a7b13bc43bf750a4c7cfaf6c4eec8bdf&goto=db_structure.php&table=venue&ajax_request=true&ajax_page_request=true&menuHashes=bad92308-18955a92-b54573d3-5a8bc190-540f891f-22e5b113&_nocache=1573470808362669629 HTTP/1.1" 200 4718
::1 - - [11/Nov/2019:03:13:28 -0800] "GET /phpmyadmin/index.php?ajax_request=1&recent_table=1&token=a7b13bc43bf750a4c7cfaf6c4eec8bdf HTTP/1.1" 200 1320
::1 - - [11/Nov/2019:03:13:28 -0800] "GET /phpmyadmin/js/get_scripts.js.php?scripts%5B%5D=tbl_structure.js&call_done=1 HTTP/1.1" 200 4474
::1 - - [11/Nov/2019:03:13:29 -0800] "GET /phpmyadmin/index.php?ajax_request=1&recent_table=1&token=a7b13bc43bf750a4c7cfaf6c4eec8bdf HTTP/1.1" 200 1320
::1 - - [11/Nov/2019:03:13:35 -0800] "GET /phpmyadmin/tbl_sql.php?db=festival_db&table=venue&token=a7b13bc43bf750a4c7cfaf6c4eec8bdf&ajax_request=true&ajax_page_request=true&menuHashes=bad92308-18955a92-b54573d3-5a8bc190-540f891f-22e5b113-b2dd7996&_nocache=1573470815300591577 HTTP/1.1" 200 2442
::1 - - [11/Nov/2019:03:13:35 -0800] "GET /phpmyadmin/index.php?ajax_request=1&recent_table=1&token=a7b13bc43bf750a4c7cfaf6c4eec8bdf HTTP/1.1" 200 1320
::1 - - [11/Nov/2019:03:13:36 -0800] "GET /phpmyadmin/sql.php?db=festival_db&table=venue&token=a7b13bc43bf750a4c7cfaf6c4eec8bdf&pos=0&ajax_request=true&ajax_page_request=true&menuHashes=18955a92-b54573d3-5a8bc190-540f891f-22e5b113-b2dd7996-0ab4289a&_nocache=1573470816400699962 HTTP/1.1" 200 2011
::1 - - [11/Nov/2019:03:13:36 -0800] "GET /phpmyadmin/js/get_scripts.js.php?scripts%5B%5D=gis_data_editor.js&scripts%5B%5D=multi_column_sort.js&call_done=1 HTTP/1.1" 200 4572
::1 - - [11/Nov/2019:03:13:36 -0800] "GET /phpmyadmin/index.php?ajax_request=1&recent_table=1&token=a7b13bc43bf750a4c7cfaf6c4eec8bdf HTTP/1.1" 200 1322
::1 - - [11/Nov/2019:03:13:39 -0800] "GET /phpmyadmin/tbl_structure.php?db=festival_db&table=venue&token=a7b13bc43bf750a4c7cfaf6c4eec8bdf&ajax_request=true&ajax_page_request=true&menuHashes=b54573d3-5a8bc190-540f891f-22e5b113-b2dd7996-0ab4289a-e886a66b&_nocache=1573470819790273902 HTTP/1.1" 200 4264
::1 - - [11/Nov/2019:03:13:40 -0800] "GET /phpmyadmin/index.php?ajax_request=1&recent_table=1&token=a7b13bc43bf750a4c7cfaf6c4eec8bdf HTTP/1.1" 200 1322
::1 - - [11/Nov/2019:03:13:41 -0800] "GET /phpmyadmin/navigation.php?ajax_request=1&token=a7b13bc43bf750a4c7cfaf6c4eec8bdf&aPath=cm9vdA%3D%3D.ZmVzdGl2YWxfZGI%3D.dGFibGVz.dmVudWU%3D&vPath=cm9vdA%3D%3D.ZmVzdGl2YWxfZGI%3D.VGFibGVz.dmVudWU%3D&pos=0&pos2_name=tables&pos2_value=0&searchClause=&searchClause2=&_nocache=1573470821550390998 HTTP/1.1" 200 1797
::1 - - [11/Nov/2019:03:13:44 -0800] "GET /phpmyadmin/tbl_operations.php?db=festival_db&table=venue&token=a7b13bc43bf750a4c7cfaf6c4eec8bdf&ajax_request=true&ajax_page_request=true&menuHashes=b54573d3-5a8bc190-540f891f-22e5b113-b2dd7996-0ab4289a-e886a66b&_nocache=1573470824745956293 HTTP/1.1" 200 5941
::1 - - [11/Nov/2019:03:13:45 -0800] "GET /phpmyadmin/js/get_scripts.js.php?scripts%5B%5D=tbl_operations.js&call_done=1 HTTP/1.1" 200 1916
::1 - - [11/Nov/2019:03:13:45 -0800] "GET /phpmyadmin/index.php?ajax_request=1&recent_table=1&token=a7b13bc43bf750a4c7cfaf6c4eec8bdf HTTP/1.1" 200 1322
::1 - - [11/Nov/2019:03:13:49 -0800] "GET /phpmyadmin/server_privileges.php?db=festival_db&table=venue&token=a7b13bc43bf750a4c7cfaf6c4eec8bdf&checkprivsdb=festival_db&checkprivstable=venue&viewing_mode=table&ajax_request=true&ajax_page_request=true&menuHashes=5a8bc190-540f891f-22e5b113-b2dd7996-0ab4289a-e886a66b-7ef496a8&_nocache=1573470829599220374 HTTP/1.1" 200 2267
::1 - - [11/Nov/2019:03:14:03 -0800] "GET /phpmyadmin/tbl_select.php?db=festival_db&table=venue&token=a7b13bc43bf750a4c7cfaf6c4eec8bdf&ajax_request=true&ajax_page_request=true&menuHashes=540f891f-22e5b113-b2dd7996-0ab4289a-e886a66b-7ef496a8-21e40562&_nocache=1573470843726348485 HTTP/1.1" 200 3079
::1 - - [11/Nov/2019:03:14:04 -0800] "GET /phpmyadmin/js/get_scripts.js.php?scripts%5B%5D=tbl_select.js&call_done=1 HTTP/1.1" 200 3838
::1 - - [11/Nov/2019:03:14:04 -0800] "GET /phpmyadmin/index.php?ajax_request=1&recent_table=1&token=a7b13bc43bf750a4c7cfaf6c4eec8bdf HTTP/1.1" 200 1322
::1 - - [11/Nov/2019:03:14:05 -0800] "GET /phpmyadmin/tbl_sql.php?db=festival_db&table=venue&token=a7b13bc43bf750a4c7cfaf6c4eec8bdf&ajax_request=true&ajax_page_request=true&menuHashes=22e5b113-b2dd7996-0ab4289a-e886a66b-7ef496a8-21e40562-1b6c54b2&_nocache=157347084524880578 HTTP/1.1" 200 1928
::1 - - [11/Nov/2019:03:14:05 -0800] "GET /phpmyadmin/index.php?ajax_request=1&recent_table=1&token=a7b13bc43bf750a4c7cfaf6c4eec8bdf HTTP/1.1" 200 1322
::1 - - [11/Nov/2019:03:14:06 -0800] "GET /phpmyadmin/sql.php?db=festival_db&table=venue&token=a7b13bc43bf750a4c7cfaf6c4eec8bdf&pos=0&ajax_request=true&ajax_page_request=true&menuHashes=22e5b113-b2dd7996-0ab4289a-e886a66b-7ef496a8-21e40562-1b6c54b2&_nocache=1573470846895675272 HTTP/1.1" 200 1498
::1 - - [11/Nov/2019:03:14:07 -0800] "GET /phpmyadmin/index.php?ajax_request=1&recent_table=1&token=a7b13bc43bf750a4c7cfaf6c4eec8bdf HTTP/1.1" 200 1322
::1 - - [11/Nov/2019:03:14:09 -0800] "GET /phpmyadmin/tbl_triggers.php?db=festival_db&table=venue&token=a7b13bc43bf750a4c7cfaf6c4eec8bdf&ajax_request=true&ajax_page_request=true&menuHashes=22e5b113-b2dd7996-0ab4289a-e886a66b-7ef496a8-21e40562-1b6c54b2&_nocache=157347084957543985 HTTP/1.1" 200 1916
::1 - - [11/Nov/2019:03:14:09 -0800] "GET /phpmyadmin/index.php?ajax_request=1&recent_table=1&token=a7b13bc43bf750a4c7cfaf6c4eec8bdf HTTP/1.1" 200 1322
::1 - - [11/Nov/2019:03:14:12 -0800] "GET /phpmyadmin/index.php?token=a7b13bc43bf750a4c7cfaf6c4eec8bdf&ajax_request=true&ajax_page_request=true&menuHashes=b2dd7996-0ab4289a-e886a66b-7ef496a8-21e40562-1b6c54b2-bb339604&_nocache=1573470852945768671 HTTP/1.1" 200 6415
::1 - - [11/Nov/2019:03:14:13 -0800] "POST /phpmyadmin/version_check.php HTTP/1.1" 200 28
::1 - - [11/Nov/2019:03:14:17 -0800] "GET /phpmyadmin/index.php?token=a7b13bc43bf750a4c7cfaf6c4eec8bdf&set_fontsize=102%25 HTTP/1.1" 200 9177
::1 - - [11/Nov/2019:03:14:18 -0800] "GET /phpmyadmin/phpmyadmin.css.php?nocache=5841117872ltr HTTP/1.1" 200 20329
::1 - - [11/Nov/2019:03:14:18 -0800] "POST /phpmyadmin/navigation.php?ajax_request=1&token=a7b13bc43bf750a4c7cfaf6c4eec8bdf HTTP/1.1" 200 2007
::1 - - [11/Nov/2019:03:14:18 -0800] "POST /phpmyadmin/version_check.php HTTP/1.1" 200 28
::1 - - [11/Nov/2019:03:14:22 -0800] "GET /phpmyadmin/index.php?token=a7b13bc43bf750a4c7cfaf6c4eec8bdf&set_theme=pmahomme HTTP/1.1" 200 9163
::1 - - [11/Nov/2019:03:14:23 -0800] "GET /phpmyadmin/phpmyadmin.css.php?nocache=5841118487ltr HTTP/1.1" 200 21403
::1 - - [11/Nov/2019:03:14:23 -0800] "POST /phpmyadmin/navigation.php?ajax_request=1&token=a7b13bc43bf750a4c7cfaf6c4eec8bdf HTTP/1.1" 200 2007
::1 - - [11/Nov/2019:03:14:23 -0800] "POST /phpmyadmin/version_check.php HTTP/1.1" 200 28
::1 - - [11/Nov/2019:03:14:35 -0800] "GET /phpmyadmin/server_collations.php?db=&token=a7b13bc43bf750a4c7cfaf6c4eec8bdf&ajax_request=true&ajax_page_request=true&menuHashes=bad92308&_nocache=1573470875826743366 HTTP/1.1" 200 3570
::1 - - [11/Nov/2019:03:14:37 -0800] "GET /phpmyadmin/server_engines.php?db=&token=a7b13bc43bf750a4c7cfaf6c4eec8bdf&ajax_request=true&ajax_page_request=true&menuHashes=bad92308-44fd726d&_nocache=157347087775442288 HTTP/1.1" 200 1739
::1 - - [11/Nov/2019:03:14:39 -0800] "GET /phpmyadmin/server_databases.php?db=&token=a7b13bc43bf750a4c7cfaf6c4eec8bdf&ajax_request=true&ajax_page_request=true&menuHashes=bad92308-44fd726d-a055dd7c&_nocache=1573470879188170518 HTTP/1.1" 200 5214
::1 - - [11/Nov/2019:03:14:42 -0800] "GET /phpmyadmin/server_databases.php?db=&token=a7b13bc43bf750a4c7cfaf6c4eec8bdf&dbstats=1&ajax_request=true&ajax_page_request=true&menuHashes=bad92308-44fd726d-a055dd7c-b54573d3&_nocache=1573470882284553887 HTTP/1.1" 200 4820
::1 - - [11/Nov/2019:03:14:48 -0800] "GET /phpmyadmin/url.php?url=http%3A%2F%2Fdev.mysql.com%2Fdoc%2Frefman%2F5.6%2Fen%2Findex.html HTTP/1.1" 200 170
::1 - - [11/Nov/2019:03:14:57 -0800] "GET /phpmyadmin/server_sql.php?db=&token=a7b13bc43bf750a4c7cfaf6c4eec8bdf&ajax_request=true&ajax_page_request=true&menuHashes=bad92308-44fd726d-a055dd7c-b54573d3&_nocache=1573470897282324235 HTTP/1.1" 200 2038
::1 - - [11/Nov/2019:03:14:59 -0800] "GET /phpmyadmin/server_status.php?db=&token=a7b13bc43bf750a4c7cfaf6c4eec8bdf&ajax_request=true&ajax_page_request=true&menuHashes=bad92308-44fd726d-a055dd7c-b54573d3-5a8bc190&_nocache=1573470899066239389 HTTP/1.1" 200 1886
::1 - - [11/Nov/2019:03:15:05 -0800] "GET /phpmyadmin/server_status_monitor.php?token=a7b13bc43bf750a4c7cfaf6c4eec8bdf&ajax_request=true&ajax_page_request=true&menuHashes=bad92308-44fd726d-a055dd7c-b54573d3-5a8bc190-f2a20c3e&_nocache=1573470905378299474 HTTP/1.1" 200 5322
::1 - - [11/Nov/2019:03:15:05 -0800] "GET /phpmyadmin/js/get_scripts.js.php?scripts%5B%5D=jquery/jquery.tablesorter.js&scripts%5B%5D=jquery/jquery.sortableTable.js&scripts%5B%5D=canvg/canvg.js&scripts%5B%5D=jqplot/jquery.jqplot.js&scripts%5B%5D=jqplot/plugins/jqplot.pieRenderer.js&scripts%5B%5D=jqplot/plugins/jqplot.canvasTextRenderer.js&scripts%5B%5D=jqplot/plugins/jqplot.canvasAxisLabelRenderer.js&scripts%5B%5D=jqplot/plugins/jqplot.dateAxisRenderer.js&scripts%5B%5D=jqplot/plugins/jqplot.highlighter.js&scripts%5B%5D=jqplot/plugins/jqplot.cursor.js&scripts%5B%5D=jqplot/plugins/jqplot.byteFormatter.js&scripts%5B%5D=server_status_monitor.js&scripts%5B%5D=server_status_sorter.js&call_done=1 HTTP/1.1" 200 150782
::1 - - [11/Nov/2019:03:15:06 -0800] "GET /phpmyadmin/server_status_variables.php?token=a7b13bc43bf750a4c7cfaf6c4eec8bdf&ajax_request=true&ajax_page_request=true&menuHashes=bad92308-44fd726d-a055dd7c-b54573d3-5a8bc190-f2a20c3e&_nocache=1573470906751887445 HTTP/1.1" 200 12198
::1 - - [11/Nov/2019:03:15:07 -0800] "GET /phpmyadmin/js/get_scripts.js.php?scripts%5B%5D=server_status_variables.js&call_done=1 HTTP/1.1" 200 1017
::1 - - [11/Nov/2019:03:15:08 -0800] "GET /phpmyadmin/server_status_queries.php?token=a7b13bc43bf750a4c7cfaf6c4eec8bdf&ajax_request=true&ajax_page_request=true&menuHashes=bad92308-44fd726d-a055dd7c-b54573d3-5a8bc190-f2a20c3e&_nocache=1573470908803519020 HTTP/1.1" 200 1817
::1 - - [11/Nov/2019:03:15:09 -0800] "GET /phpmyadmin/js/get_scripts.js.php?scripts%5B%5D=server_status_queries.js&call_done=1 HTTP/1.1" 200 478
::1 - - [11/Nov/2019:03:15:09 -0800] "GET /phpmyadmin/error_report.php?ajax_request=true&server=1&token=a7b13bc43bf750a4c7cfaf6c4eec8bdf&get_settings=true&exception_type=js&_nocache=1573470909174663478 HTTP/1.1" 200 1267
::1 - - [11/Nov/2019:03:28:11 -0800] "GET /phpmyadmin/index.php?token=a7b13bc43bf750a4c7cfaf6c4eec8bdf&set_theme=pmahomme HTTP/1.1" 200 9164
::1 - - [11/Nov/2019:03:28:11 -0800] "GET /phpmyadmin/phpmyadmin.css.php?nocache=5841118492ltr HTTP/1.1" 200 21403
::1 - - [11/Nov/2019:03:28:12 -0800] "GET /phpmyadmin/server_status_queries.php?db=&table=&server=1&target=&token=a7b13bc43bf750a4c7cfaf6c4eec8bdf HTTP/1.1" 200 4999
::1 - - [11/Nov/2019:03:28:12 -0800] "GET /phpmyadmin/js/get_scripts.js.php?scripts%5B%5D=common.js&scripts%5B%5D=server_status_queries.js&scripts%5B%5D=jqplot/jquery.jqplot.js&scripts%5B%5D=jqplot/plugins/jqplot.pieRenderer.js&scripts%5B%5D=jqplot/plugins/jqplot.canvasTextRenderer.js&scripts%5B%5D=jqplot/plugins/jqplot.canvasAxisLabelRenderer.js&scripts%5B%5D=jqplot/plugins/jqplot.dateAxisRenderer.js&scripts%5B%5D=jqplot/plugins/jqplot.highlighter.js&scripts%5B%5D=jqplot/plugins/jqplot.cursor.js&scripts%5B%5D=jquery/jquery.tablesorter.js HTTP/1.1" 200 135289
::1 - - [11/Nov/2019:03:28:12 -0800] "GET /phpmyadmin/js/get_scripts.js.php?scripts%5B%5D=server_status_sorter.js&scripts%5B%5D=codemirror/lib/codemirror.js&scripts%5B%5D=codemirror/mode/sql/sql.js&scripts%5B%5D=codemirror/addon/runmode/runmode.js&scripts%5B%5D=codemirror/addon/hint/show-hint.js&scripts%5B%5D=codemirror/addon/hint/sql-hint.js&scripts%5B%5D=console.js&scripts%5B%5D=config.js HTTP/1.1" 200 119293
::1 - - [11/Nov/2019:03:28:12 -0800] "GET /phpmyadmin/themes/pmahomme/img/s_desc.png HTTP/1.1" 200 182
::1 - - [11/Nov/2019:03:28:12 -0800] "POST /phpmyadmin/navigation.php?ajax_request=1&token=a7b13bc43bf750a4c7cfaf6c4eec8bdf HTTP/1.1" 200 2007
::1 - - [11/Nov/2019:17:10:21 -0800] "GET /?phpinfo=1 HTTP/1.1" 200 3052
::1 - - [11/Nov/2019:17:10:25 -0800] "GET /hello.php HTTP/1.1" 200 159
::1 - - [11/Nov/2019:17:15:00 -0800] "GET /?phpinfo=1 HTTP/1.1" 200 3269
::1 - - [11/Nov/2019:17:15:00 -0800] "GET /favicon.ico HTTP/1.1" 200 1150
::1 - - [11/Nov/2019:17:15:06 -0800] "GET /iluvmommy.php HTTP/1.1" 200 398
::1 - - [11/Nov/2019:17:16:05 -0800] "GET /?phpinfo=1 HTTP/1.1" 200 3269
::1 - - [11/Nov/2019:17:16:05 -0800] "GET /favicon.ico HTTP/1.1" 200 1150
::1 - - [11/Nov/2019:17:16:06 -0800] "GET /iluvmommy.php HTTP/1.1" 200 135
::1 - - [11/Nov/2019:17:22:45 -0800] "GET /iluvmommy.php HTTP/1.1" 200 152
::1 - - [11/Nov/2019:17:22:45 -0800] "GET /favicon.ico HTTP/1.1" 200 1150
::1 - - [11/Nov/2019:17:27:58 -0800] "GET /iluvmommy.php HTTP/1.1" 200 407
::1 - - [11/Nov/2019:17:27:58 -0800] "GET /favicon.ico HTTP/1.1" 200 1150
::1 - - [11/Nov/2019:17:28:06 -0800] "GET /iluvmommy.php HTTP/1.1" 200 134
::1 - - [11/Nov/2019:17:28:06 -0800] "GET /favicon.ico HTTP/1.1" 200 1150
::1 - - [11/Nov/2019:17:29:19 -0800] "GET /iluvmommy.php HTTP/1.1" 200 156
::1 - - [11/Nov/2019:17:29:19 -0800] "GET /favicon.ico HTTP/1.1" 200 1150
::1 - - [11/Nov/2019:17:32:25 -0800] "GET /iluvmommy.php HTTP/1.1" 200 373
::1 - - [11/Nov/2019:17:32:25 -0800] "GET /favicon.ico HTTP/1.1" 200 1150
::1 - - [11/Nov/2019:17:34:01 -0800] "GET /phpmyadmin/ HTTP/1.1" 200 9159
::1 - - [11/Nov/2019:17:34:02 -0800] "GET /phpmyadmin/js/get_scripts.js.php?scripts%5B%5D=jquery/jquery-1.11.1.min.js&scripts%5B%5D=sprintf.js&scripts%5B%5D=ajax.js&scripts%5B%5D=keyhandler.js&scripts%5B%5D=jquery/jquery-ui-1.11.2.min.js&scripts%5B%5D=jquery/jquery.cookie.js&scripts%5B%5D=jquery/jquery.mousewheel.js&scripts%5B%5D=jquery/jquery.event.drag-2.2.js&scripts%5B%5D=jquery/jquery-ui-timepicker-addon.js&scripts%5B%5D=jquery/jquery.ba-hashchange-1.3.js HTTP/1.1" 200 139591
::1 - - [11/Nov/2019:17:34:02 -0800] "GET /phpmyadmin/phpmyadmin.css.php?nocache=5841170071ltr HTTP/1.1" 200 21403
::1 - - [11/Nov/2019:17:34:02 -0800] "GET /phpmyadmin/js/get_scripts.js.php?scripts%5B%5D=jquery/jquery.debounce-1.0.5.js&scripts%5B%5D=menu-resizer.js&scripts%5B%5D=cross_framing_protection.js&scripts%5B%5D=rte.js&scripts%5B%5D=tracekit/tracekit.js&scripts%5B%5D=error_report.js&scripts%5B%5D=doclinks.js&scripts%5B%5D=functions.js&scripts%5B%5D=navigation.js&scripts%5B%5D=indexes.js HTTP/1.1" 200 76681
::1 - - [11/Nov/2019:17:34:02 -0800] "GET /phpmyadmin/js/whitelist.php?lang=en&db=&token=cfe039bc7abd7065860e312222d28e08 HTTP/1.1" 200 498
::1 - - [11/Nov/2019:17:34:02 -0800] "GET /phpmyadmin/js/get_scripts.js.php?scripts%5B%5D=common.js&scripts%5B%5D=codemirror/lib/codemirror.js&scripts%5B%5D=codemirror/mode/sql/sql.js&scripts%5B%5D=codemirror/addon/runmode/runmode.js&scripts%5B%5D=codemirror/addon/hint/show-hint.js&scripts%5B%5D=codemirror/addon/hint/sql-hint.js&scripts%5B%5D=console.js&scripts%5B%5D=config.js HTTP/1.1" 200 122700
::1 - - [11/Nov/2019:17:34:02 -0800] "GET /phpmyadmin/js/messages.php?lang=en&db=&token=cfe039bc7abd7065860e312222d28e08 HTTP/1.1" 200 7394
::1 - - [11/Nov/2019:17:34:02 -0800] "GET /phpmyadmin/js/get_image.js.php?theme=pmahomme HTTP/1.1" 200 1833
::1 - - [11/Nov/2019:17:34:03 -0800] "GET /phpmyadmin/index.php?db=&table=&server=1&target=&lang=en&collation_connection=utf8mb4_unicode_ci&token=8f485afa7ae3afb28f44fc32cacad8dc HTTP/1.1" 200 8985
::1 - - [11/Nov/2019:17:34:04 -0800] "GET /phpmyadmin/js/whitelist.php?lang=en&db=&token=1d2badfa8a7996885b45de52838dd4f2 HTTP/1.1" 200 498
::1 - - [11/Nov/2019:17:34:04 -0800] "GET /phpmyadmin/js/get_scripts.js.php?scripts%5B%5D=common.js&scripts%5B%5D=codemirror/lib/codemirror.js&scripts%5B%5D=codemirror/mode/sql/sql.js&scripts%5B%5D=codemirror/addon/runmode/runmode.js&scripts%5B%5D=codemirror/addon/hint/show-hint.js&scripts%5B%5D=codemirror/addon/hint/sql-hint.js&scripts%5B%5D=console.js HTTP/1.1" 200 117005
::1 - - [11/Nov/2019:17:34:04 -0800] "GET /phpmyadmin/js/messages.php?lang=en&db=&token=1d2badfa8a7996885b45de52838dd4f2 HTTP/1.1" 200 7394
::1 - - [11/Nov/2019:17:34:04 -0800] "POST /phpmyadmin/db_structure.php?ajax_request=1&favorite_table=1&sync_favorite_tables=1&token=1d2badfa8a7996885b45de52838dd4f2 HTTP/1.1" 200 1344
::1 - - [11/Nov/2019:17:34:04 -0800] "POST /phpmyadmin/version_check.php HTTP/1.1" 200 28
::1 - - [11/Nov/2019:17:34:16 -0800] "GET /phpmyadmin/navigation.php?ajax_request=1&token=1d2badfa8a7996885b45de52838dd4f2&aPath=cm9vdA%3D%3D.ZmVzdGl2YWxfZGI%3D&vPath=cm9vdA%3D%3D.ZmVzdGl2YWxfZGI%3D&pos=0&pos2_name=&pos2_value=&searchClause=&searchClause2=&_nocache=1573522456962336090 HTTP/1.1" 200 1605
::1 - - [11/Nov/2019:17:34:24 -0800] "GET /phpmyadmin/navigation.php?ajax_request=1&token=1d2badfa8a7996885b45de52838dd4f2&aPath=cm9vdA%3D%3D.ZmVzdGl2YWxfZGI%3D.dGFibGVz.dmVudWU%3D&vPath=cm9vdA%3D%3D.ZmVzdGl2YWxfZGI%3D.VGFibGVz.dmVudWU%3D&pos=0&pos2_name=tables&pos2_value=0&searchClause=&searchClause2=&_nocache=1573522464067280827 HTTP/1.1" 200 1798
::1 - - [11/Nov/2019:17:34:26 -0800] "GET /phpmyadmin/tbl_structure.php?server=1&db=festival_db&table=venue&token=1d2badfa8a7996885b45de52838dd4f2&ajax_request=true&ajax_page_request=true&menuHashes=6603d444&_nocache=1573522466156123076 HTTP/1.1" 200 4717
::1 - - [11/Nov/2019:17:34:26 -0800] "GET /phpmyadmin/js/get_scripts.js.php?scripts%5B%5D=tbl_structure.js&call_done=1 HTTP/1.1" 200 4474
::1 - - [11/Nov/2019:17:34:26 -0800] "GET /phpmyadmin/index.php?ajax_request=1&recent_table=1&token=1d2badfa8a7996885b45de52838dd4f2 HTTP/1.1" 200 1322
::1 - - [11/Nov/2019:17:34:37 -0800] "GET /phpmyadmin/tbl_sql.php?db=festival_db&table=venue&token=1d2badfa8a7996885b45de52838dd4f2&ajax_request=true&ajax_page_request=true&menuHashes=6603d444-f9196e3e&_nocache=1573522477957143105 HTTP/1.1" 200 2443
::1 - - [11/Nov/2019:17:34:38 -0800] "GET /phpmyadmin/js/get_scripts.js.php?scripts%5B%5D=makegrid.js&scripts%5B%5D=jquery/jquery.uitablefilter.js&scripts%5B%5D=sql.js&call_done=1 HTTP/1.1" 200 24895
::1 - - [11/Nov/2019:17:34:38 -0800] "GET /phpmyadmin/index.php?ajax_request=1&recent_table=1&token=1d2badfa8a7996885b45de52838dd4f2 HTTP/1.1" 200 1322
::1 - - [11/Nov/2019:17:34:41 -0800] "GET /phpmyadmin/tbl_change.php?db=festival_db&table=venue&token=1d2badfa8a7996885b45de52838dd4f2&ajax_request=true&ajax_page_request=true&menuHashes=87906577-6603d444-f9196e3e&_nocache=1573522481299697704 HTTP/1.1" 200 4203
::1 - - [11/Nov/2019:17:34:41 -0800] "GET /phpmyadmin/js/get_scripts.js.php?scripts%5B%5D=tbl_change.js&scripts%5B%5D=big_ints.js&scripts%5B%5D=gis_data_editor.js&call_done=1 HTTP/1.1" 200 11214
::1 - - [11/Nov/2019:17:34:41 -0800] "GET /phpmyadmin/index.php?ajax_request=1&recent_table=1&token=1d2badfa8a7996885b45de52838dd4f2 HTTP/1.1" 200 1322
::1 - - [11/Nov/2019:17:34:42 -0800] "GET /phpmyadmin/tbl_sql.php?db=festival_db&table=venue&token=1d2badfa8a7996885b45de52838dd4f2&ajax_request=true&ajax_page_request=true&menuHashes=87906577-6603d444-f9196e3e-c2a703bb&_nocache=1573522482573376070 HTTP/1.1" 200 1926
::1 - - [11/Nov/2019:17:34:42 -0800] "GET /phpmyadmin/index.php?ajax_request=1&recent_table=1&token=1d2badfa8a7996885b45de52838dd4f2 HTTP/1.1" 200 1322
::1 - - [11/Nov/2019:17:34:43 -0800] "GET /phpmyadmin/tbl_operations.php?db=festival_db&table=venue&token=1d2badfa8a7996885b45de52838dd4f2&ajax_request=true&ajax_page_request=true&menuHashes=87906577-6603d444-f9196e3e-c2a703bb&_nocache=15735224838267124 HTTP/1.1" 200 5937
::1 - - [11/Nov/2019:17:34:44 -0800] "GET /phpmyadmin/js/get_scripts.js.php?scripts%5B%5D=tbl_operations.js&call_done=1 HTTP/1.1" 200 1916
::1 - - [11/Nov/2019:17:34:44 -0800] "GET /phpmyadmin/index.php?ajax_request=1&recent_table=1&token=1d2badfa8a7996885b45de52838dd4f2 HTTP/1.1" 200 1322
::1 - - [11/Nov/2019:17:34:46 -0800] "GET /phpmyadmin/sql.php?db=festival_db&table=venue&token=1d2badfa8a7996885b45de52838dd4f2&pos=0&ajax_request=true&ajax_page_request=true&menuHashes=87906577-6603d444-f9196e3e-c2a703bb-5a04acb6&_nocache=1573522486249293960 HTTP/1.1" 200 2009
::1 - - [11/Nov/2019:17:34:46 -0800] "GET /phpmyadmin/js/get_scripts.js.php?scripts%5B%5D=multi_column_sort.js&call_done=1 HTTP/1.1" 200 1188
::1 - - [11/Nov/2019:17:34:46 -0800] "GET /phpmyadmin/index.php?ajax_request=1&recent_table=1&token=1d2badfa8a7996885b45de52838dd4f2 HTTP/1.1" 200 1324
::1 - - [12/Nov/2019:11:55:56 -0800] "OPTIONS /ROOT/subscription%3ANTEventLogEventConsumer.Name%3D%22SCM%20Event%20Log%20Consumer%22 HTTP/1.1" 200 -
::1 - - [12/Nov/2019:11:55:56 -0800] "PROPFIND /ROOT/subscription%3ANTEventLogEventConsumer.Name%3D%22SCM%20Event%20Log%20Consumer%22 HTTP/1.1" 405 307
::1 - - [12/Nov/2019:11:55:56 -0800] "PROPFIND /ROOT HTTP/1.1" 405 230
::1 - - [12/Nov/2019:11:56:40 -0800] "GET /?phpinfo=1 HTTP/1.1" 200 3269
::1 - - [12/Nov/2019:11:56:45 -0800] "GET /phpmyadmin/ HTTP/1.1" 200 9159
::1 - - [12/Nov/2019:11:56:45 -0800] "GET /phpmyadmin/js/whitelist.php?lang=en&db=&token=6876a080f3563600bb831cab53220e22 HTTP/1.1" 200 498
::1 - - [12/Nov/2019:11:56:45 -0800] "GET /phpmyadmin/phpmyadmin.css.php?nocache=5841236234ltr HTTP/1.1" 200 21403
::1 - - [12/Nov/2019:11:56:45 -0800] "GET /phpmyadmin/js/get_scripts.js.php?scripts%5B%5D=jquery/jquery-1.11.1.min.js&scripts%5B%5D=sprintf.js&scripts%5B%5D=ajax.js&scripts%5B%5D=keyhandler.js&scripts%5B%5D=jquery/jquery-ui-1.11.2.min.js&scripts%5B%5D=jquery/jquery.cookie.js&scripts%5B%5D=jquery/jquery.mousewheel.js&scripts%5B%5D=jquery/jquery.event.drag-2.2.js&scripts%5B%5D=jquery/jquery-ui-timepicker-addon.js&scripts%5B%5D=jquery/jquery.ba-hashchange-1.3.js HTTP/1.1" 200 139591
::1 - - [12/Nov/2019:11:56:45 -0800] "GET /phpmyadmin/js/get_scripts.js.php?scripts%5B%5D=common.js&scripts%5B%5D=codemirror/lib/codemirror.js&scripts%5B%5D=codemirror/mode/sql/sql.js&scripts%5B%5D=codemirror/addon/runmode/runmode.js&scripts%5B%5D=codemirror/addon/hint/show-hint.js&scripts%5B%5D=codemirror/addon/hint/sql-hint.js&scripts%5B%5D=console.js&scripts%5B%5D=config.js HTTP/1.1" 200 122700
::1 - - [12/Nov/2019:11:56:45 -0800] "GET /phpmyadmin/js/messages.php?lang=en&db=&token=6876a080f3563600bb831cab53220e22 HTTP/1.1" 200 7394
::1 - - [12/Nov/2019:11:56:45 -0800] "GET /phpmyadmin/js/get_scripts.js.php?scripts%5B%5D=jquery/jquery.debounce-1.0.5.js&scripts%5B%5D=menu-resizer.js&scripts%5B%5D=cross_framing_protection.js&scripts%5B%5D=rte.js&scripts%5B%5D=tracekit/tracekit.js&scripts%5B%5D=error_report.js&scripts%5B%5D=doclinks.js&scripts%5B%5D=functions.js&scripts%5B%5D=navigation.js&scripts%5B%5D=indexes.js HTTP/1.1" 200 76681
::1 - - [12/Nov/2019:11:56:45 -0800] "GET /phpmyadmin/js/get_image.js.php?theme=pmahomme HTTP/1.1" 200 1833
::1 - - [12/Nov/2019:11:56:46 -0800] "GET /phpmyadmin/index.php?db=&table=&server=1&target=&lang=en&collation_connection=utf8mb4_unicode_ci&token=8f485afa7ae3afb28f44fc32cacad8dc HTTP/1.1" 200 8986
::1 - - [12/Nov/2019:11:56:46 -0800] "GET /phpmyadmin/js/get_scripts.js.php?scripts%5B%5D=common.js&scripts%5B%5D=codemirror/lib/codemirror.js&scripts%5B%5D=codemirror/mode/sql/sql.js&scripts%5B%5D=codemirror/addon/runmode/runmode.js&scripts%5B%5D=codemirror/addon/hint/show-hint.js&scripts%5B%5D=codemirror/addon/hint/sql-hint.js&scripts%5B%5D=console.js HTTP/1.1" 200 117005
::1 - - [12/Nov/2019:11:56:46 -0800] "GET /phpmyadmin/js/whitelist.php?lang=en&db=&token=169435344ed402de261d9c777b720ab7 HTTP/1.1" 200 498
::1 - - [12/Nov/2019:11:56:46 -0800] "GET /phpmyadmin/js/messages.php?lang=en&db=&token=169435344ed402de261d9c777b720ab7 HTTP/1.1" 200 7394
::1 - - [12/Nov/2019:11:56:47 -0800] "POST /phpmyadmin/db_structure.php?ajax_request=1&favorite_table=1&sync_favorite_tables=1&token=169435344ed402de261d9c777b720ab7 HTTP/1.1" 200 1344
::1 - - [12/Nov/2019:11:56:47 -0800] "POST /phpmyadmin/version_check.php HTTP/1.1" 200 28
::1 - - [12/Nov/2019:11:56:51 -0800] "GET /phpmyadmin/navigation.php?ajax_request=1&token=169435344ed402de261d9c777b720ab7&aPath=cm9vdA%3D%3D.ZmVzdGl2YWxfZGI%3D&vPath=cm9vdA%3D%3D.ZmVzdGl2YWxfZGI%3D&pos=0&pos2_name=&pos2_value=&searchClause=&searchClause2=&_nocache=1573588611022914361 HTTP/1.1" 200 1605
::1 - - [12/Nov/2019:11:57:12 -0800] "GET /phpmyadmin/server_privileges.php?db=&token=169435344ed402de261d9c777b720ab7&viewing_mode=server&ajax_request=true&ajax_page_request=true&menuHashes=bfd6f4a5&_nocache=1573588632029957615 HTTP/1.1" 200 3102
::1 - - [12/Nov/2019:11:57:12 -0800] "GET /phpmyadmin/js/get_scripts.js.php?scripts%5B%5D=server_privileges.js&call_done=1 HTTP/1.1" 200 3875
::1 - - [12/Nov/2019:12:00:26 -0800] "GET /phpmyadmin/server_import.php?db=&token=169435344ed402de261d9c777b720ab7&ajax_request=true&ajax_page_request=true&menuHashes=bfd6f4a5-7a955a0f&_nocache=1573588826391159989 HTTP/1.1" 200 3940
::1 - - [12/Nov/2019:12:00:26 -0800] "GET /phpmyadmin/js/get_scripts.js.php?scripts%5B%5D=import.js&call_done=1 HTTP/1.1" 200 1801
::1 - - [12/Nov/2019:12:00:27 -0800] "GET /phpmyadmin/server_sql.php?db=&token=169435344ed402de261d9c777b720ab7&ajax_request=true&ajax_page_request=true&menuHashes=bfd6f4a5-7a955a0f-9cb65b0d&_nocache=1573588827564831532 HTTP/1.1" 200 2036
::1 - - [12/Nov/2019:12:00:27 -0800] "GET /phpmyadmin/js/get_scripts.js.php?scripts%5B%5D=makegrid.js&scripts%5B%5D=jquery/jquery.uitablefilter.js&scripts%5B%5D=sql.js&call_done=1 HTTP/1.1" 200 24895
::1 - - [12/Nov/2019:12:05:08 -0800] "GET /phpmyadmin/prefs_manage.php?db=&token=169435344ed402de261d9c777b720ab7&ajax_request=true&ajax_page_request=true&menuHashes=bfd6f4a5-7a955a0f-9cb65b0d-05a5b7a4&_nocache=1573589108257605331 HTTP/1.1" 200 2662
::1 - - [12/Nov/2019:12:05:09 -0800] "GET /phpmyadmin/js/get_scripts.js.php?scripts%5B%5D=config.js&call_done=1 HTTP/1.1" 200 6060
::1 - - [12/Nov/2019:12:05:24 -0800] "POST /phpmyadmin/db_sql_autocomplete.php HTTP/1.1" 200 1268
::1 - - [12/Nov/2019:12:05:28 -0800] "POST /phpmyadmin/import.php HTTP/1.1" 200 469
::1 - - [12/Nov/2019:12:05:28 -0800] "POST /phpmyadmin/navigation.php?ajax_request=1&token=169435344ed402de261d9c777b720ab7 HTTP/1.1" 200 1980
::1 - - [12/Nov/2019:12:05:35 -0800] "GET /phpmyadmin/prefs_forms.php?form=Features&token=169435344ed402de261d9c777b720ab7&ajax_request=true&ajax_page_request=true&menuHashes=bfd6f4a5-7a955a0f-9cb65b0d-05a5b7a4-f51fa68e&_nocache=1573589135282724036 HTTP/1.1" 200 4716
::1 - - [12/Nov/2019:12:05:41 -0800] "GET /phpmyadmin/server_engines.php?db=&token=169435344ed402de261d9c777b720ab7&ajax_request=true&ajax_page_request=true&menuHashes=bfd6f4a5-7a955a0f-9cb65b0d-05a5b7a4-f51fa68e&_nocache=157358914197335285 HTTP/1.1" 200 1742
::1 - - [12/Nov/2019:12:05:44 -0800] "GET /phpmyadmin/server_replication.php?db=&token=169435344ed402de261d9c777b720ab7&ajax_request=true&ajax_page_request=true&menuHashes=bfd6f4a5-7a955a0f-9cb65b0d-05a5b7a4-f51fa68e-3c75f555&_nocache=1573589144345338144 HTTP/1.1" 200 1440
::1 - - [12/Nov/2019:12:05:44 -0800] "GET /phpmyadmin/js/get_scripts.js.php?scripts%5B%5D=replication.js&call_done=1 HTTP/1.1" 200 680
::1 - - [12/Nov/2019:12:05:47 -0800] "GET /phpmyadmin/db_structure.php?server=1&db=festival_db&token=169435344ed402de261d9c777b720ab7&ajax_request=true&ajax_page_request=true&menuHashes=bfd6f4a5-7a955a0f-9cb65b0d-05a5b7a4-f51fa68e-3c75f555-f63d2795&_nocache=1573589147035770476 HTTP/1.1" 200 3190
::1 - - [12/Nov/2019:12:05:47 -0800] "GET /phpmyadmin/js/get_scripts.js.php?scripts%5B%5D=db_structure.js&scripts%5B%5D=tbl_change.js&call_done=1 HTTP/1.1" 200 10796
::1 - - [12/Nov/2019:12:05:51 -0800] "GET /phpmyadmin/url.php?url=http%3A%2F%2Fdev.mysql.com%2Fdoc%2Frefman%2F5.6%2Fen%2Findex.html HTTP/1.1" 200 170
::1 - - [12/Nov/2019:12:15:31 -0800] "GET /phpmyadmin/index.php?token=169435344ed402de261d9c777b720ab7&ajax_request=true&ajax_page_request=true&menuHashes=7a955a0f-9cb65b0d-05a5b7a4-f51fa68e-3c75f555-f63d2795-5dd4fe23&_nocache=1573589731404152889 HTTP/1.1" 200 6415
::1 - - [12/Nov/2019:12:15:31 -0800] "POST /phpmyadmin/version_check.php HTTP/1.1" 200 28
::1 - - [12/Nov/2019:12:15:43 -0800] "GET /phpmyadmin/url.php?url=http%3A%2F%2Fphp.net%2Fmanual%2Fen%2Fbook.mysqli.php HTTP/1.1" 200 161
::1 - - [12/Nov/2019:12:15:57 -0800] "GET /phpmyadmin/chk_rel.php?token=169435344ed402de261d9c777b720ab7&ajax_request=true&ajax_page_request=true&menuHashes=9cb65b0d-05a5b7a4-f51fa68e-3c75f555-f63d2795-5dd4fe23-bfd6f4a5&_nocache=1573589757310267450 HTTP/1.1" 200 963
::1 - - [12/Nov/2019:12:16:01 -0800] "GET /phpmyadmin/doc/html/setup.html HTTP/1.1" 200 72853
::1 - - [12/Nov/2019:12:16:01 -0800] "GET /phpmyadmin/doc/html/_static/pygments.css HTTP/1.1" 200 3991
::1 - - [12/Nov/2019:12:16:01 -0800] "GET /phpmyadmin/doc/html/_static/default.css HTTP/1.1" 200 4040
::1 - - [12/Nov/2019:12:16:01 -0800] "GET /phpmyadmin/doc/html/_static/underscore.js HTTP/1.1" 200 47559
::1 - - [12/Nov/2019:12:16:01 -0800] "GET /phpmyadmin/doc/html/_static/doctools.js HTTP/1.1" 200 6680
::1 - - [12/Nov/2019:12:16:01 -0800] "GET /phpmyadmin/doc/html/_static/basic.css HTTP/1.1" 200 8452
::1 - - [12/Nov/2019:12:16:01 -0800] "GET /phpmyadmin/doc/html/_static/jquery.js HTTP/1.1" 200 252879
::1 - - [12/Nov/2019:12:16:34 -0800] "GET /phpmyadmin/navigation.php?ajax_request=1&token=169435344ed402de261d9c777b720ab7&aPath=cm9vdA%3D%3D.ZmVzdGl2YWxfZGI%3D.dGFibGVz.dmVudWU%3D&vPath=cm9vdA%3D%3D.ZmVzdGl2YWxfZGI%3D.VGFibGVz.dmVudWU%3D&pos=0&pos2_name=tables&pos2_value=0&searchClause=&searchClause2=&_nocache=1573589794153164944 HTTP/1.1" 200 1800
::1 - - [12/Nov/2019:12:16:41 -0800] "POST /phpmyadmin/db_sql_autocomplete.php HTTP/1.1" 200 1270
::1 - - [12/Nov/2019:12:16:45 -0800] "POST /phpmyadmin/import.php HTTP/1.1" 200 469
::1 - - [12/Nov/2019:12:16:45 -0800] "POST /phpmyadmin/navigation.php?ajax_request=1&token=169435344ed402de261d9c777b720ab7 HTTP/1.1" 200 1980
::1 - - [12/Nov/2019:12:16:52 -0800] "GET /phpmyadmin/url.php?url=http%3A%2F%2Fdev.mysql.com%2Fdoc%2Frefman%2F5.6%2Fen%2Ferror-messages-server.html HTTP/1.1" 200 180
::1 - - [12/Nov/2019:13:04:53 -0800] "GET /phpmyadmin/ HTTP/1.1" 200 9158
::1 - - [12/Nov/2019:13:04:54 -0800] "GET /phpmyadmin/phpmyadmin.css.php?nocache=5841240323ltr HTTP/1.1" 200 21403
::1 - - [12/Nov/2019:13:04:54 -0800] "GET /phpmyadmin/js/whitelist.php?lang=en&db=&token=08090dd721b7ee5019380a1f48e74e4f HTTP/1.1" 200 498
::1 - - [12/Nov/2019:13:04:54 -0800] "GET /phpmyadmin/js/messages.php?lang=en&db=&token=08090dd721b7ee5019380a1f48e74e4f HTTP/1.1" 200 7394
::1 - - [12/Nov/2019:13:04:55 -0800] "GET /phpmyadmin/index.php?db=&table=&server=1&target=&lang=en&collation_connection=utf8mb4_unicode_ci&token=8f485afa7ae3afb28f44fc32cacad8dc HTTP/1.1" 200 8985
::1 - - [12/Nov/2019:13:04:55 -0800] "GET /phpmyadmin/js/whitelist.php?lang=en&db=&token=f71ca16d82e31605ae5696a505f5cb2c HTTP/1.1" 200 498
::1 - - [12/Nov/2019:13:04:55 -0800] "GET /phpmyadmin/js/messages.php?lang=en&db=&token=f71ca16d82e31605ae5696a505f5cb2c HTTP/1.1" 200 7394
::1 - - [12/Nov/2019:13:04:55 -0800] "POST /phpmyadmin/db_structure.php?ajax_request=1&favorite_table=1&sync_favorite_tables=1&token=f71ca16d82e31605ae5696a505f5cb2c HTTP/1.1" 200 1345
::1 - - [12/Nov/2019:13:04:55 -0800] "POST /phpmyadmin/version_check.php HTTP/1.1" 200 28
10.67.196.223 - - [12/Nov/2019:13:08:16 -0800] "GET / HTTP/1.1" 200 3269
10.67.196.223 - - [12/Nov/2019:13:08:18 -0800] "GET /HNAP1/ HTTP/1.1" 404 448
::1 - - [12/Nov/2019:13:09:03 -0800] "GET /phpmyadmin/url.php?url=https%3A%2F%2Fwiki.phpmyadmin.net%2F HTTP/1.1" 200 154
