[Mon Nov 11 02:00:44.937635 2019] [mpm_winnt:notice] [pid 11408:tid 664] AH00455: Apache/2.4.27 (Win32) OpenSSL/1.1.0f PHP/5.6.31 configured -- resuming normal operations
[Mon Nov 11 02:00:44.937635 2019] [mpm_winnt:notice] [pid 11408:tid 664] AH00456: Apache Lounge VC15 Server built: Jul  7 2017 11:43:51
[Mon Nov 11 02:00:44.937635 2019] [core:notice] [pid 11408:tid 664] AH00094: Command line: 'apache\\bin\\httpd.exe -d C:/Program Files (x86)/Ampps/apache'
[Mon Nov 11 02:00:44.956585 2019] [mpm_winnt:notice] [pid 11408:tid 664] AH00418: Parent: Created child process 14920
[Mon Nov 11 02:00:46.813801 2019] [mpm_winnt:notice] [pid 14920:tid 736] AH00354: Child: Starting 64 worker threads.
[Mon Nov 11 02:14:42.045280 2019] [cgi:error] [pid 14920:tid 1428] [client ::1:53038] AH02812: attempt to invoke directory as script: C:/Program Files (x86)/Ampps/www/cgi-bin/, referer: http://localhost/
[Mon Nov 11 02:52:57.625847 2019] [cgi:error] [pid 14920:tid 1404] [client ::1:53621] AH02812: attempt to invoke directory as script: C:/Program Files (x86)/Ampps/www/cgi-bin/, referer: http://localhost/
[Mon Nov 11 03:06:43.713436 2019] [mpm_winnt:notice] [pid 14644:tid 852] AH00455: Apache/2.4.27 (Win32) OpenSSL/1.1.0f PHP/5.6.31 configured -- resuming normal operations
[Mon Nov 11 03:06:43.713436 2019] [mpm_winnt:notice] [pid 14644:tid 852] AH00456: Apache Lounge VC15 Server built: Jul  7 2017 11:43:51
[Mon Nov 11 03:06:43.713436 2019] [core:notice] [pid 14644:tid 852] AH00094: Command line: 'apache\\bin\\httpd.exe -d C:/Program Files (x86)/Ampps/apache'
[Mon Nov 11 03:06:43.730358 2019] [mpm_winnt:notice] [pid 14644:tid 852] AH00418: Parent: Created child process 18396
[Mon Nov 11 03:06:45.714177 2019] [mpm_winnt:notice] [pid 18396:tid 812] AH00354: Child: Starting 64 worker threads.
[Mon Nov 11 17:10:18.140678 2019] [mpm_winnt:notice] [pid 6020:tid 704] AH00455: Apache/2.4.27 (Win32) OpenSSL/1.1.0f PHP/5.6.31 configured -- resuming normal operations
[Mon Nov 11 17:10:18.140678 2019] [mpm_winnt:notice] [pid 6020:tid 704] AH00456: Apache Lounge VC15 Server built: Jul  7 2017 11:43:51
[Mon Nov 11 17:10:18.140678 2019] [core:notice] [pid 6020:tid 704] AH00094: Command line: 'apache\\bin\\httpd.exe -d C:/Program Files (x86)/Ampps/apache'
[Mon Nov 11 17:10:18.156295 2019] [mpm_winnt:notice] [pid 6020:tid 704] AH00418: Parent: Created child process 12064
[Mon Nov 11 17:10:21.120789 2019] [mpm_winnt:notice] [pid 12064:tid 792] AH00354: Child: Starting 64 worker threads.
[Mon Nov 11 17:15:06.941143 2019] [:error] [pid 12064:tid 1428] [client ::1:54750] PHP Parse error:  syntax error, unexpected '<' in C:\\Program Files (x86)\\Ampps\\www\\iluvmommy.php on line 8, referer: http://localhost/?phpinfo=1
[Mon Nov 11 17:27:58.524892 2019] [:error] [pid 12064:tid 1428] [client ::1:54832] PHP Parse error:  syntax error, unexpected 'echo' (T_ECHO) in C:\\Program Files (x86)\\Ampps\\www\\iluvmommy.php on line 9, referer: http://localhost/?phpinfo=1
[Tue Nov 12 11:54:21.690433 2019] [mpm_winnt:notice] [pid 5148:tid 828] AH00455: Apache/2.4.27 (Win32) OpenSSL/1.1.0f PHP/5.6.31 configured -- resuming normal operations
[Tue Nov 12 11:54:21.690433 2019] [mpm_winnt:notice] [pid 5148:tid 828] AH00456: Apache Lounge VC15 Server built: Jul  7 2017 11:43:51
[Tue Nov 12 11:54:21.690433 2019] [core:notice] [pid 5148:tid 828] AH00094: Command line: 'apache\\bin\\httpd.exe -d C:/Program Files (x86)/Ampps/apache'
[Tue Nov 12 11:54:21.695419 2019] [mpm_winnt:notice] [pid 5148:tid 828] AH00418: Parent: Created child process 17616
[Tue Nov 12 11:54:22.949435 2019] [mpm_winnt:notice] [pid 17616:tid 720] AH00354: Child: Starting 64 worker threads.
[Tue Nov 12 13:04:40.374206 2019] [mpm_winnt:notice] [pid 13648:tid 628] AH00455: Apache/2.4.27 (Win32) OpenSSL/1.1.0f PHP/5.6.31 configured -- resuming normal operations
[Tue Nov 12 13:04:40.405448 2019] [mpm_winnt:notice] [pid 13648:tid 628] AH00456: Apache Lounge VC15 Server built: Jul  7 2017 11:43:51
[Tue Nov 12 13:04:40.405448 2019] [core:notice] [pid 13648:tid 628] AH00094: Command line: 'apache\\bin\\httpd.exe -d C:/Program Files (x86)/Ampps/apache'
[Tue Nov 12 13:04:40.421067 2019] [mpm_winnt:notice] [pid 13648:tid 628] AH00418: Parent: Created child process 10436
[Tue Nov 12 13:04:42.368931 2019] [mpm_winnt:notice] [pid 10436:tid 684] AH00354: Child: Starting 64 worker threads.
